Parsed args: n=500, d=5, sigma=1, base_learner=gam, sim_type=B, nsims=100
Loading required package: tmle3
Loading required package: hal9001
Loading required package: Rcpp
hal9001 v0.4.6: The Scalable Highly Adaptive Lasso
note: fit_hal defaults have changed. See ?fit_hal for details
Loading required package: R6
Loading required package: stringr
Loading required package: origami
origami v1.0.7: Generalized Framework for Cross-Validation
Loading required package: delayed
delayed v0.5.0: A Framework for Parallelizing Dependent Tasks
Loading required package: future
Loading required package: earth
Loading required package: Formula
Loading required package: plotmo
Loading required package: plotrix
Loading required package: fastglm
Loading required package: bigmemory
Loading required package: doMC
Loading required package: foreach
Loading required package: iterators
Loading required package: parallel
Loading required package: glmnet
Loading required package: Matrix
Loaded glmnet 4.1-8

Attaching package: ‘hte3’

The following object is masked from ‘package:origami’:

    cross_validate

Loading required package: nnls
Loading required package: gam
Loading required package: splines
Loaded gam 1.22-5

Super Learner
Version: 2.0-29
Package created on 2024-02-06

   sim_type    n d base_learner sigma
1         A  500 5           xg     1
2         B  500 5           xg     1
3         C  500 5           xg     1
4         D  500 5           xg     1
5         A 2000 5           xg     1
6         B 2000 5           xg     1
7         C 2000 5           xg     1
8         D 2000 5           xg     1
9         A  500 5          gam     1
10        B  500 5          gam     1
[1] "iter 1 key simsEP_n=500_base_learner=gam_sim_type=B_nsims=100"
NULL
NULL
NULL
NULL
[1] "iter 2 key simsEP_n=500_base_learner=gam_sim_type=B_nsims=100"
NULL
NULL
NULL
NULL
[1] "iter 3 key simsEP_n=500_base_learner=gam_sim_type=B_nsims=100"
NULL
NULL
NULL
NULL
[1] "iter 4 key simsEP_n=500_base_learner=gam_sim_type=B_nsims=100"
NULL
NULL
NULL
NULL
[1] "iter 5 key simsEP_n=500_base_learner=gam_sim_type=B_nsims=100"
NULL
NULL
NULL
NULL
[1] "iter 6 key simsEP_n=500_base_learner=gam_sim_type=B_nsims=100"
NULL
NULL
NULL
NULL
[1] "iter 7 key simsEP_n=500_base_learner=gam_sim_type=B_nsims=100"
NULL
NULL
NULL
NULL
[1] "iter 8 key simsEP_n=500_base_learner=gam_sim_type=B_nsims=100"
NULL
NULL
NULL
NULL
[1] "iter 9 key simsEP_n=500_base_learner=gam_sim_type=B_nsims=100"
NULL
NULL
NULL
NULL
[1] "iter 10 key simsEP_n=500_base_learner=gam_sim_type=B_nsims=100"
NULL
NULL
NULL
NULL
[1] "iter 11 key simsEP_n=500_base_learner=gam_sim_type=B_nsims=100"
NULL
NULL
NULL
NULL
[1] "iter 12 key simsEP_n=500_base_learner=gam_sim_type=B_nsims=100"
NULL
NULL
NULL
NULL
[1] "iter 13 key simsEP_n=500_base_learner=gam_sim_type=B_nsims=100"
NULL
NULL
NULL
NULL
[1] "iter 14 key simsEP_n=500_base_learner=gam_sim_type=B_nsims=100"
NULL
NULL
NULL
NULL
[1] "iter 15 key simsEP_n=500_base_learner=gam_sim_type=B_nsims=100"
NULL
NULL
NULL
NULL
[1] "iter 16 key simsEP_n=500_base_learner=gam_sim_type=B_nsims=100"
NULL
NULL
NULL
NULL
[1] "iter 17 key simsEP_n=500_base_learner=gam_sim_type=B_nsims=100"
NULL
NULL
NULL
NULL
[1] "iter 18 key simsEP_n=500_base_learner=gam_sim_type=B_nsims=100"
NULL
NULL
NULL
NULL
[1] "iter 19 key simsEP_n=500_base_learner=gam_sim_type=B_nsims=100"
NULL
NULL
NULL
NULL
[1] "iter 20 key simsEP_n=500_base_learner=gam_sim_type=B_nsims=100"
NULL
NULL
NULL
NULL
[1] "iter 21 key simsEP_n=500_base_learner=gam_sim_type=B_nsims=100"
NULL
NULL
NULL
NULL
[1] "iter 22 key simsEP_n=500_base_learner=gam_sim_type=B_nsims=100"
NULL
NULL
NULL
NULL
[1] "iter 23 key simsEP_n=500_base_learner=gam_sim_type=B_nsims=100"
NULL
NULL
NULL
NULL
[1] "iter 24 key simsEP_n=500_base_learner=gam_sim_type=B_nsims=100"
NULL
NULL
NULL
NULL
[1] "iter 25 key simsEP_n=500_base_learner=gam_sim_type=B_nsims=100"
NULL
NULL
NULL
NULL
[1] "iter 26 key simsEP_n=500_base_learner=gam_sim_type=B_nsims=100"
NULL
NULL
NULL
NULL
[1] "iter 27 key simsEP_n=500_base_learner=gam_sim_type=B_nsims=100"
NULL
NULL
NULL
NULL
[1] "iter 28 key simsEP_n=500_base_learner=gam_sim_type=B_nsims=100"
NULL
NULL
NULL
NULL
[1] "iter 29 key simsEP_n=500_base_learner=gam_sim_type=B_nsims=100"
NULL
NULL
NULL
NULL
[1] "iter 30 key simsEP_n=500_base_learner=gam_sim_type=B_nsims=100"
NULL
NULL
NULL
NULL
[1] "iter 31 key simsEP_n=500_base_learner=gam_sim_type=B_nsims=100"
NULL
NULL
NULL
NULL
[1] "iter 32 key simsEP_n=500_base_learner=gam_sim_type=B_nsims=100"
NULL
NULL
NULL
NULL
[1] "iter 33 key simsEP_n=500_base_learner=gam_sim_type=B_nsims=100"
NULL
NULL
NULL
NULL
[1] "iter 34 key simsEP_n=500_base_learner=gam_sim_type=B_nsims=100"
NULL
NULL
NULL
NULL
[1] "iter 35 key simsEP_n=500_base_learner=gam_sim_type=B_nsims=100"
NULL
NULL
NULL
NULL
[1] "iter 36 key simsEP_n=500_base_learner=gam_sim_type=B_nsims=100"
NULL
NULL
NULL
NULL
[1] "iter 37 key simsEP_n=500_base_learner=gam_sim_type=B_nsims=100"
NULL
NULL
NULL
NULL
[1] "iter 38 key simsEP_n=500_base_learner=gam_sim_type=B_nsims=100"
NULL
NULL
NULL
NULL
[1] "iter 39 key simsEP_n=500_base_learner=gam_sim_type=B_nsims=100"
NULL
NULL
NULL
NULL
[1] "iter 40 key simsEP_n=500_base_learner=gam_sim_type=B_nsims=100"
NULL
NULL
NULL
NULL
[1] "iter 41 key simsEP_n=500_base_learner=gam_sim_type=B_nsims=100"
NULL
NULL
NULL
NULL
[1] "iter 42 key simsEP_n=500_base_learner=gam_sim_type=B_nsims=100"
NULL
NULL
NULL
NULL
[1] "iter 43 key simsEP_n=500_base_learner=gam_sim_type=B_nsims=100"
NULL
NULL
NULL
NULL
[1] "iter 44 key simsEP_n=500_base_learner=gam_sim_type=B_nsims=100"
NULL
NULL
NULL
NULL
[1] "iter 45 key simsEP_n=500_base_learner=gam_sim_type=B_nsims=100"
NULL
NULL
NULL
NULL
[1] "iter 46 key simsEP_n=500_base_learner=gam_sim_type=B_nsims=100"
NULL
NULL
NULL
NULL
[1] "iter 47 key simsEP_n=500_base_learner=gam_sim_type=B_nsims=100"
NULL
NULL
NULL
NULL
[1] "iter 48 key simsEP_n=500_base_learner=gam_sim_type=B_nsims=100"
NULL
NULL
NULL
NULL
[1] "iter 49 key simsEP_n=500_base_learner=gam_sim_type=B_nsims=100"
NULL
NULL
NULL
NULL
[1] "iter 50 key simsEP_n=500_base_learner=gam_sim_type=B_nsims=100"
NULL
NULL
NULL
NULL
[1] "iter 51 key simsEP_n=500_base_learner=gam_sim_type=B_nsims=100"
NULL
NULL
NULL
NULL
[1] "iter 52 key simsEP_n=500_base_learner=gam_sim_type=B_nsims=100"
NULL
NULL
NULL
NULL
[1] "iter 53 key simsEP_n=500_base_learner=gam_sim_type=B_nsims=100"
NULL
NULL
NULL
NULL
[1] "iter 54 key simsEP_n=500_base_learner=gam_sim_type=B_nsims=100"
NULL
NULL
NULL
NULL
[1] "iter 55 key simsEP_n=500_base_learner=gam_sim_type=B_nsims=100"
NULL
NULL
NULL
NULL
[1] "iter 56 key simsEP_n=500_base_learner=gam_sim_type=B_nsims=100"
NULL
NULL
NULL
NULL
[1] "iter 57 key simsEP_n=500_base_learner=gam_sim_type=B_nsims=100"
NULL
NULL
NULL
NULL
[1] "iter 58 key simsEP_n=500_base_learner=gam_sim_type=B_nsims=100"
NULL
NULL
NULL
NULL
[1] "iter 59 key simsEP_n=500_base_learner=gam_sim_type=B_nsims=100"
NULL
NULL
NULL
NULL
[1] "iter 60 key simsEP_n=500_base_learner=gam_sim_type=B_nsims=100"
NULL
NULL
NULL
NULL
[1] "iter 61 key simsEP_n=500_base_learner=gam_sim_type=B_nsims=100"
NULL
NULL
NULL
NULL
[1] "iter 62 key simsEP_n=500_base_learner=gam_sim_type=B_nsims=100"
NULL
NULL
NULL
NULL
[1] "iter 63 key simsEP_n=500_base_learner=gam_sim_type=B_nsims=100"
NULL
NULL
NULL
NULL
[1] "iter 64 key simsEP_n=500_base_learner=gam_sim_type=B_nsims=100"
NULL
NULL
NULL
NULL
[1] "iter 65 key simsEP_n=500_base_learner=gam_sim_type=B_nsims=100"
NULL
NULL
NULL
NULL
[1] "iter 66 key simsEP_n=500_base_learner=gam_sim_type=B_nsims=100"
NULL
NULL
NULL
NULL
[1] "iter 67 key simsEP_n=500_base_learner=gam_sim_type=B_nsims=100"
NULL
NULL
NULL
NULL
[1] "iter 68 key simsEP_n=500_base_learner=gam_sim_type=B_nsims=100"
NULL
NULL
NULL
NULL
[1] "iter 69 key simsEP_n=500_base_learner=gam_sim_type=B_nsims=100"
NULL
NULL
NULL
NULL
[1] "iter 70 key simsEP_n=500_base_learner=gam_sim_type=B_nsims=100"
NULL
NULL
NULL
NULL
[1] "iter 71 key simsEP_n=500_base_learner=gam_sim_type=B_nsims=100"
NULL
NULL
NULL
NULL
[1] "iter 72 key simsEP_n=500_base_learner=gam_sim_type=B_nsims=100"
NULL
NULL
NULL
NULL
[1] "iter 73 key simsEP_n=500_base_learner=gam_sim_type=B_nsims=100"
NULL
NULL
NULL
NULL
[1] "iter 74 key simsEP_n=500_base_learner=gam_sim_type=B_nsims=100"
NULL
NULL
NULL
NULL
[1] "iter 75 key simsEP_n=500_base_learner=gam_sim_type=B_nsims=100"
NULL
NULL
NULL
NULL
[1] "iter 76 key simsEP_n=500_base_learner=gam_sim_type=B_nsims=100"
NULL
NULL
NULL
NULL
[1] "iter 77 key simsEP_n=500_base_learner=gam_sim_type=B_nsims=100"
NULL
NULL
NULL
NULL
[1] "iter 78 key simsEP_n=500_base_learner=gam_sim_type=B_nsims=100"
NULL
NULL
NULL
NULL
[1] "iter 79 key simsEP_n=500_base_learner=gam_sim_type=B_nsims=100"
NULL
NULL
NULL
NULL
[1] "iter 80 key simsEP_n=500_base_learner=gam_sim_type=B_nsims=100"
NULL
NULL
NULL
NULL
[1] "iter 81 key simsEP_n=500_base_learner=gam_sim_type=B_nsims=100"
NULL
NULL
NULL
NULL
[1] "iter 82 key simsEP_n=500_base_learner=gam_sim_type=B_nsims=100"
NULL
NULL
NULL
NULL
[1] "iter 83 key simsEP_n=500_base_learner=gam_sim_type=B_nsims=100"
NULL
NULL
NULL
NULL
[1] "iter 84 key simsEP_n=500_base_learner=gam_sim_type=B_nsims=100"
NULL
NULL
NULL
NULL
[1] "iter 85 key simsEP_n=500_base_learner=gam_sim_type=B_nsims=100"
NULL
NULL
NULL
NULL
[1] "iter 86 key simsEP_n=500_base_learner=gam_sim_type=B_nsims=100"
NULL
NULL
NULL
NULL
[1] "iter 87 key simsEP_n=500_base_learner=gam_sim_type=B_nsims=100"
NULL
NULL
NULL
NULL
[1] "iter 88 key simsEP_n=500_base_learner=gam_sim_type=B_nsims=100"
NULL
NULL
NULL
NULL
[1] "iter 89 key simsEP_n=500_base_learner=gam_sim_type=B_nsims=100"
NULL
NULL
NULL
NULL
[1] "iter 90 key simsEP_n=500_base_learner=gam_sim_type=B_nsims=100"
NULL
NULL
NULL
NULL
[1] "iter 91 key simsEP_n=500_base_learner=gam_sim_type=B_nsims=100"
NULL
NULL
NULL
NULL
[1] "iter 92 key simsEP_n=500_base_learner=gam_sim_type=B_nsims=100"
NULL
NULL
NULL
NULL
[1] "iter 93 key simsEP_n=500_base_learner=gam_sim_type=B_nsims=100"
NULL
NULL
NULL
NULL
[1] "iter 94 key simsEP_n=500_base_learner=gam_sim_type=B_nsims=100"
NULL
NULL
NULL
NULL
[1] "iter 95 key simsEP_n=500_base_learner=gam_sim_type=B_nsims=100"
NULL
NULL
NULL
NULL
[1] "iter 96 key simsEP_n=500_base_learner=gam_sim_type=B_nsims=100"
NULL
NULL
NULL
NULL
[1] "iter 97 key simsEP_n=500_base_learner=gam_sim_type=B_nsims=100"
NULL
NULL
NULL
NULL
[1] "iter 98 key simsEP_n=500_base_learner=gam_sim_type=B_nsims=100"
NULL
NULL
NULL
NULL
[1] "iter 99 key simsEP_n=500_base_learner=gam_sim_type=B_nsims=100"
NULL
NULL
NULL
NULL
[1] "iter 100 key simsEP_n=500_base_learner=gam_sim_type=B_nsims=100"
NULL
NULL
NULL
NULL
There were 50 or more warnings (use warnings() to see the first 50)
