Parsed args: n=1000, d=5, sigma=1, base_learner=mean, sim_type=C, nsims=250
Loading required package: tmle3
Loading required package: hal9001
Loading required package: Rcpp
hal9001 v0.4.6: The Scalable Highly Adaptive Lasso
note: fit_hal defaults have changed. See ?fit_hal for details
Loading required package: R6
Loading required package: stringr
Loading required package: origami
origami v1.0.7: Generalized Framework for Cross-Validation
Loading required package: delayed
delayed v0.5.0: A Framework for Parallelizing Dependent Tasks
Loading required package: future
Loading required package: earth
Loading required package: Formula
Loading required package: plotmo
Loading required package: plotrix
Loading required package: fastglm
Loading required package: bigmemory
Loading required package: doMC
Loading required package: foreach
Loading required package: iterators
Loading required package: parallel
Loading required package: glmnet
Loading required package: Matrix
Loaded glmnet 4.1-8

Attaching package: ‘hte3’

The following object is masked from ‘package:origami’:

    cross_validate

Loading required package: nnls
Loading required package: gam
Loading required package: splines
Loaded gam 1.22-5

Super Learner
Version: 2.0-29
Package created on 2024-02-06

[1] "iter 1 key simsEP_n=1000_base_learner=mean_sim_type=C_nsims=250"
NULL
NULL
NULL
NULL
[1] "iter 2 key simsEP_n=1000_base_learner=mean_sim_type=C_nsims=250"
NULL
NULL
NULL
NULL
[1] "iter 3 key simsEP_n=1000_base_learner=mean_sim_type=C_nsims=250"
NULL
NULL
NULL
NULL
[1] "iter 4 key simsEP_n=1000_base_learner=mean_sim_type=C_nsims=250"
NULL
NULL
NULL
NULL
[1] "iter 5 key simsEP_n=1000_base_learner=mean_sim_type=C_nsims=250"
NULL
NULL
NULL
NULL
[1] "iter 6 key simsEP_n=1000_base_learner=mean_sim_type=C_nsims=250"
NULL
NULL
NULL
NULL
[1] "iter 7 key simsEP_n=1000_base_learner=mean_sim_type=C_nsims=250"
NULL
NULL
NULL
NULL
[1] "iter 8 key simsEP_n=1000_base_learner=mean_sim_type=C_nsims=250"
NULL
NULL
NULL
NULL
[1] "iter 9 key simsEP_n=1000_base_learner=mean_sim_type=C_nsims=250"
NULL
NULL
NULL
NULL
[1] "iter 10 key simsEP_n=1000_base_learner=mean_sim_type=C_nsims=250"
NULL
NULL
NULL
NULL
[1] "iter 11 key simsEP_n=1000_base_learner=mean_sim_type=C_nsims=250"
NULL
NULL
NULL
NULL
[1] "iter 12 key simsEP_n=1000_base_learner=mean_sim_type=C_nsims=250"
NULL
NULL
NULL
NULL
[1] "iter 13 key simsEP_n=1000_base_learner=mean_sim_type=C_nsims=250"
NULL
NULL
NULL
NULL
[1] "iter 14 key simsEP_n=1000_base_learner=mean_sim_type=C_nsims=250"
NULL
NULL
NULL
NULL
[1] "iter 15 key simsEP_n=1000_base_learner=mean_sim_type=C_nsims=250"
NULL
NULL
NULL
NULL
[1] "iter 16 key simsEP_n=1000_base_learner=mean_sim_type=C_nsims=250"
NULL
NULL
NULL
NULL
[1] "iter 17 key simsEP_n=1000_base_learner=mean_sim_type=C_nsims=250"
NULL
NULL
NULL
NULL
[1] "iter 18 key simsEP_n=1000_base_learner=mean_sim_type=C_nsims=250"
NULL
NULL
NULL
NULL
[1] "iter 19 key simsEP_n=1000_base_learner=mean_sim_type=C_nsims=250"
NULL
NULL
NULL
NULL
[1] "iter 20 key simsEP_n=1000_base_learner=mean_sim_type=C_nsims=250"
NULL
NULL
NULL
NULL
[1] "iter 21 key simsEP_n=1000_base_learner=mean_sim_type=C_nsims=250"
NULL
NULL
NULL
NULL
[1] "iter 22 key simsEP_n=1000_base_learner=mean_sim_type=C_nsims=250"
NULL
NULL
NULL
NULL
[1] "iter 23 key simsEP_n=1000_base_learner=mean_sim_type=C_nsims=250"
NULL
NULL
NULL
NULL
[1] "iter 24 key simsEP_n=1000_base_learner=mean_sim_type=C_nsims=250"
NULL
NULL
NULL
NULL
[1] "iter 25 key simsEP_n=1000_base_learner=mean_sim_type=C_nsims=250"
NULL
NULL
NULL
NULL
[1] "iter 26 key simsEP_n=1000_base_learner=mean_sim_type=C_nsims=250"
NULL
NULL
NULL
NULL
[1] "iter 27 key simsEP_n=1000_base_learner=mean_sim_type=C_nsims=250"
NULL
NULL
NULL
NULL
[1] "iter 28 key simsEP_n=1000_base_learner=mean_sim_type=C_nsims=250"
NULL
NULL
NULL
NULL
[1] "iter 29 key simsEP_n=1000_base_learner=mean_sim_type=C_nsims=250"
NULL
NULL
NULL
NULL
[1] "iter 30 key simsEP_n=1000_base_learner=mean_sim_type=C_nsims=250"
NULL
NULL
NULL
NULL
[1] "iter 31 key simsEP_n=1000_base_learner=mean_sim_type=C_nsims=250"
NULL
NULL
NULL
NULL
[1] "iter 32 key simsEP_n=1000_base_learner=mean_sim_type=C_nsims=250"
NULL
NULL
NULL
NULL
[1] "iter 33 key simsEP_n=1000_base_learner=mean_sim_type=C_nsims=250"
NULL
NULL
NULL
NULL
[1] "iter 34 key simsEP_n=1000_base_learner=mean_sim_type=C_nsims=250"
NULL
NULL
NULL
NULL
[1] "iter 35 key simsEP_n=1000_base_learner=mean_sim_type=C_nsims=250"
NULL
NULL
NULL
NULL
[1] "iter 36 key simsEP_n=1000_base_learner=mean_sim_type=C_nsims=250"
NULL
NULL
NULL
NULL
[1] "iter 37 key simsEP_n=1000_base_learner=mean_sim_type=C_nsims=250"
NULL
NULL
NULL
NULL
[1] "iter 38 key simsEP_n=1000_base_learner=mean_sim_type=C_nsims=250"
NULL
NULL
NULL
NULL
[1] "iter 39 key simsEP_n=1000_base_learner=mean_sim_type=C_nsims=250"
NULL
NULL
NULL
NULL
[1] "iter 40 key simsEP_n=1000_base_learner=mean_sim_type=C_nsims=250"
NULL
NULL
NULL
NULL
[1] "iter 41 key simsEP_n=1000_base_learner=mean_sim_type=C_nsims=250"
NULL
NULL
NULL
NULL
[1] "iter 42 key simsEP_n=1000_base_learner=mean_sim_type=C_nsims=250"
NULL
NULL
NULL
NULL
[1] "iter 43 key simsEP_n=1000_base_learner=mean_sim_type=C_nsims=250"
NULL
NULL
NULL
NULL
[1] "iter 44 key simsEP_n=1000_base_learner=mean_sim_type=C_nsims=250"
NULL
NULL
NULL
NULL
[1] "iter 45 key simsEP_n=1000_base_learner=mean_sim_type=C_nsims=250"
NULL
NULL
NULL
NULL
[1] "iter 46 key simsEP_n=1000_base_learner=mean_sim_type=C_nsims=250"
NULL
NULL
NULL
NULL
[1] "iter 47 key simsEP_n=1000_base_learner=mean_sim_type=C_nsims=250"
NULL
NULL
NULL
NULL
[1] "iter 48 key simsEP_n=1000_base_learner=mean_sim_type=C_nsims=250"
NULL
NULL
NULL
NULL
[1] "iter 49 key simsEP_n=1000_base_learner=mean_sim_type=C_nsims=250"
NULL
NULL
NULL
NULL
[1] "iter 50 key simsEP_n=1000_base_learner=mean_sim_type=C_nsims=250"
NULL
NULL
NULL
NULL
[1] "iter 51 key simsEP_n=1000_base_learner=mean_sim_type=C_nsims=250"
NULL
NULL
NULL
NULL
[1] "iter 52 key simsEP_n=1000_base_learner=mean_sim_type=C_nsims=250"
NULL
NULL
NULL
NULL
[1] "iter 53 key simsEP_n=1000_base_learner=mean_sim_type=C_nsims=250"
NULL
NULL
NULL
NULL
[1] "iter 54 key simsEP_n=1000_base_learner=mean_sim_type=C_nsims=250"
NULL
NULL
NULL
NULL
[1] "iter 55 key simsEP_n=1000_base_learner=mean_sim_type=C_nsims=250"
NULL
NULL
NULL
NULL
[1] "iter 56 key simsEP_n=1000_base_learner=mean_sim_type=C_nsims=250"
NULL
NULL
NULL
NULL
[1] "iter 57 key simsEP_n=1000_base_learner=mean_sim_type=C_nsims=250"
NULL
NULL
NULL
NULL
[1] "iter 58 key simsEP_n=1000_base_learner=mean_sim_type=C_nsims=250"
NULL
NULL
NULL
NULL
[1] "iter 59 key simsEP_n=1000_base_learner=mean_sim_type=C_nsims=250"
NULL
NULL
NULL
NULL
[1] "iter 60 key simsEP_n=1000_base_learner=mean_sim_type=C_nsims=250"
NULL
NULL
NULL
NULL
[1] "iter 61 key simsEP_n=1000_base_learner=mean_sim_type=C_nsims=250"
NULL
NULL
NULL
NULL
[1] "iter 62 key simsEP_n=1000_base_learner=mean_sim_type=C_nsims=250"
NULL
NULL
NULL
NULL
[1] "iter 63 key simsEP_n=1000_base_learner=mean_sim_type=C_nsims=250"
NULL
NULL
NULL
NULL
[1] "iter 64 key simsEP_n=1000_base_learner=mean_sim_type=C_nsims=250"
NULL
NULL
NULL
NULL
[1] "iter 65 key simsEP_n=1000_base_learner=mean_sim_type=C_nsims=250"
NULL
NULL
NULL
NULL
[1] "iter 66 key simsEP_n=1000_base_learner=mean_sim_type=C_nsims=250"
NULL
NULL
NULL
NULL
[1] "iter 67 key simsEP_n=1000_base_learner=mean_sim_type=C_nsims=250"
NULL
NULL
NULL
NULL
[1] "iter 68 key simsEP_n=1000_base_learner=mean_sim_type=C_nsims=250"
NULL
NULL
NULL
NULL
[1] "iter 69 key simsEP_n=1000_base_learner=mean_sim_type=C_nsims=250"
NULL
NULL
NULL
NULL
[1] "iter 70 key simsEP_n=1000_base_learner=mean_sim_type=C_nsims=250"
NULL
NULL
NULL
NULL
[1] "iter 71 key simsEP_n=1000_base_learner=mean_sim_type=C_nsims=250"
NULL
NULL
NULL
NULL
[1] "iter 72 key simsEP_n=1000_base_learner=mean_sim_type=C_nsims=250"
NULL
NULL
NULL
NULL
[1] "iter 73 key simsEP_n=1000_base_learner=mean_sim_type=C_nsims=250"
NULL
NULL
NULL
NULL
[1] "iter 74 key simsEP_n=1000_base_learner=mean_sim_type=C_nsims=250"
NULL
NULL
NULL
NULL
[1] "iter 75 key simsEP_n=1000_base_learner=mean_sim_type=C_nsims=250"
NULL
NULL
NULL
NULL
[1] "iter 76 key simsEP_n=1000_base_learner=mean_sim_type=C_nsims=250"
NULL
NULL
NULL
NULL
[1] "iter 77 key simsEP_n=1000_base_learner=mean_sim_type=C_nsims=250"
NULL
NULL
NULL
NULL
[1] "iter 78 key simsEP_n=1000_base_learner=mean_sim_type=C_nsims=250"
NULL
NULL
NULL
NULL
[1] "iter 79 key simsEP_n=1000_base_learner=mean_sim_type=C_nsims=250"
NULL
NULL
NULL
NULL
[1] "iter 80 key simsEP_n=1000_base_learner=mean_sim_type=C_nsims=250"
NULL
NULL
NULL
NULL
[1] "iter 81 key simsEP_n=1000_base_learner=mean_sim_type=C_nsims=250"
NULL
NULL
NULL
NULL
[1] "iter 82 key simsEP_n=1000_base_learner=mean_sim_type=C_nsims=250"
NULL
NULL
NULL
NULL
[1] "iter 83 key simsEP_n=1000_base_learner=mean_sim_type=C_nsims=250"
NULL
NULL
NULL
NULL
[1] "iter 84 key simsEP_n=1000_base_learner=mean_sim_type=C_nsims=250"
NULL
NULL
NULL
NULL
[1] "iter 85 key simsEP_n=1000_base_learner=mean_sim_type=C_nsims=250"
NULL
NULL
NULL
NULL
[1] "iter 86 key simsEP_n=1000_base_learner=mean_sim_type=C_nsims=250"
NULL
NULL
NULL
NULL
[1] "iter 87 key simsEP_n=1000_base_learner=mean_sim_type=C_nsims=250"
NULL
NULL
NULL
NULL
[1] "iter 88 key simsEP_n=1000_base_learner=mean_sim_type=C_nsims=250"
NULL
NULL
NULL
NULL
[1] "iter 89 key simsEP_n=1000_base_learner=mean_sim_type=C_nsims=250"
NULL
NULL
NULL
NULL
[1] "iter 90 key simsEP_n=1000_base_learner=mean_sim_type=C_nsims=250"
NULL
NULL
NULL
NULL
[1] "iter 91 key simsEP_n=1000_base_learner=mean_sim_type=C_nsims=250"
NULL
NULL
NULL
NULL
[1] "iter 92 key simsEP_n=1000_base_learner=mean_sim_type=C_nsims=250"
NULL
NULL
NULL
NULL
[1] "iter 93 key simsEP_n=1000_base_learner=mean_sim_type=C_nsims=250"
NULL
NULL
NULL
NULL
[1] "iter 94 key simsEP_n=1000_base_learner=mean_sim_type=C_nsims=250"
NULL
NULL
NULL
NULL
[1] "iter 95 key simsEP_n=1000_base_learner=mean_sim_type=C_nsims=250"
NULL
NULL
NULL
NULL
[1] "iter 96 key simsEP_n=1000_base_learner=mean_sim_type=C_nsims=250"
NULL
NULL
NULL
NULL
[1] "iter 97 key simsEP_n=1000_base_learner=mean_sim_type=C_nsims=250"
NULL
NULL
NULL
NULL
[1] "iter 98 key simsEP_n=1000_base_learner=mean_sim_type=C_nsims=250"
NULL
NULL
NULL
NULL
[1] "iter 99 key simsEP_n=1000_base_learner=mean_sim_type=C_nsims=250"
NULL
NULL
NULL
NULL
[1] "iter 100 key simsEP_n=1000_base_learner=mean_sim_type=C_nsims=250"
NULL
NULL
NULL
NULL
[1] "iter 101 key simsEP_n=1000_base_learner=mean_sim_type=C_nsims=250"
NULL
NULL
NULL
NULL
[1] "iter 102 key simsEP_n=1000_base_learner=mean_sim_type=C_nsims=250"
NULL
NULL
NULL
NULL
[1] "iter 103 key simsEP_n=1000_base_learner=mean_sim_type=C_nsims=250"
NULL
NULL
NULL
NULL
[1] "iter 104 key simsEP_n=1000_base_learner=mean_sim_type=C_nsims=250"
NULL
NULL
NULL
NULL
[1] "iter 105 key simsEP_n=1000_base_learner=mean_sim_type=C_nsims=250"
NULL
NULL
NULL
NULL
[1] "iter 106 key simsEP_n=1000_base_learner=mean_sim_type=C_nsims=250"
NULL
NULL
NULL
NULL
[1] "iter 107 key simsEP_n=1000_base_learner=mean_sim_type=C_nsims=250"
NULL
NULL
NULL
NULL
[1] "iter 108 key simsEP_n=1000_base_learner=mean_sim_type=C_nsims=250"
NULL
NULL
NULL
NULL
[1] "iter 109 key simsEP_n=1000_base_learner=mean_sim_type=C_nsims=250"
NULL
NULL
NULL
NULL
[1] "iter 110 key simsEP_n=1000_base_learner=mean_sim_type=C_nsims=250"
NULL
NULL
NULL
NULL
[1] "iter 111 key simsEP_n=1000_base_learner=mean_sim_type=C_nsims=250"
NULL
NULL
NULL
NULL
[1] "iter 112 key simsEP_n=1000_base_learner=mean_sim_type=C_nsims=250"
NULL
NULL
NULL
NULL
[1] "iter 113 key simsEP_n=1000_base_learner=mean_sim_type=C_nsims=250"
NULL
NULL
NULL
NULL
[1] "iter 114 key simsEP_n=1000_base_learner=mean_sim_type=C_nsims=250"
NULL
NULL
NULL
NULL
[1] "iter 115 key simsEP_n=1000_base_learner=mean_sim_type=C_nsims=250"
NULL
NULL
NULL
NULL
[1] "iter 116 key simsEP_n=1000_base_learner=mean_sim_type=C_nsims=250"
NULL
NULL
NULL
NULL
[1] "iter 117 key simsEP_n=1000_base_learner=mean_sim_type=C_nsims=250"
NULL
NULL
NULL
NULL
[1] "iter 118 key simsEP_n=1000_base_learner=mean_sim_type=C_nsims=250"
NULL
NULL
NULL
NULL
[1] "iter 119 key simsEP_n=1000_base_learner=mean_sim_type=C_nsims=250"
NULL
NULL
NULL
NULL
[1] "iter 120 key simsEP_n=1000_base_learner=mean_sim_type=C_nsims=250"
NULL
NULL
NULL
NULL
[1] "iter 121 key simsEP_n=1000_base_learner=mean_sim_type=C_nsims=250"
NULL
NULL
NULL
NULL
[1] "iter 122 key simsEP_n=1000_base_learner=mean_sim_type=C_nsims=250"
NULL
NULL
NULL
NULL
[1] "iter 123 key simsEP_n=1000_base_learner=mean_sim_type=C_nsims=250"
NULL
NULL
NULL
NULL
[1] "iter 124 key simsEP_n=1000_base_learner=mean_sim_type=C_nsims=250"
NULL
NULL
NULL
NULL
[1] "iter 125 key simsEP_n=1000_base_learner=mean_sim_type=C_nsims=250"
NULL
NULL
NULL
NULL
[1] "iter 126 key simsEP_n=1000_base_learner=mean_sim_type=C_nsims=250"
NULL
NULL
NULL
NULL
[1] "iter 127 key simsEP_n=1000_base_learner=mean_sim_type=C_nsims=250"
NULL
NULL
NULL
NULL
[1] "iter 128 key simsEP_n=1000_base_learner=mean_sim_type=C_nsims=250"
NULL
NULL
NULL
NULL
[1] "iter 129 key simsEP_n=1000_base_learner=mean_sim_type=C_nsims=250"
NULL
NULL
NULL
NULL
[1] "iter 130 key simsEP_n=1000_base_learner=mean_sim_type=C_nsims=250"
NULL
NULL
NULL
NULL
[1] "iter 131 key simsEP_n=1000_base_learner=mean_sim_type=C_nsims=250"
NULL
NULL
NULL
NULL
[1] "iter 132 key simsEP_n=1000_base_learner=mean_sim_type=C_nsims=250"
NULL
NULL
NULL
NULL
[1] "iter 133 key simsEP_n=1000_base_learner=mean_sim_type=C_nsims=250"
NULL
NULL
NULL
NULL
[1] "iter 134 key simsEP_n=1000_base_learner=mean_sim_type=C_nsims=250"
NULL
NULL
NULL
NULL
[1] "iter 135 key simsEP_n=1000_base_learner=mean_sim_type=C_nsims=250"
NULL
NULL
NULL
NULL
[1] "iter 136 key simsEP_n=1000_base_learner=mean_sim_type=C_nsims=250"
NULL
NULL
NULL
NULL
[1] "iter 137 key simsEP_n=1000_base_learner=mean_sim_type=C_nsims=250"
NULL
NULL
NULL
NULL
[1] "iter 138 key simsEP_n=1000_base_learner=mean_sim_type=C_nsims=250"
NULL
NULL
NULL
NULL
[1] "iter 139 key simsEP_n=1000_base_learner=mean_sim_type=C_nsims=250"
NULL
NULL
NULL
NULL
[1] "iter 140 key simsEP_n=1000_base_learner=mean_sim_type=C_nsims=250"
NULL
NULL
NULL
NULL
[1] "iter 141 key simsEP_n=1000_base_learner=mean_sim_type=C_nsims=250"
NULL
NULL
NULL
NULL
[1] "iter 142 key simsEP_n=1000_base_learner=mean_sim_type=C_nsims=250"
NULL
NULL
NULL
NULL
[1] "iter 143 key simsEP_n=1000_base_learner=mean_sim_type=C_nsims=250"
NULL
NULL
NULL
NULL
[1] "iter 144 key simsEP_n=1000_base_learner=mean_sim_type=C_nsims=250"
NULL
NULL
NULL
NULL
[1] "iter 145 key simsEP_n=1000_base_learner=mean_sim_type=C_nsims=250"
NULL
NULL
NULL
NULL
[1] "iter 146 key simsEP_n=1000_base_learner=mean_sim_type=C_nsims=250"
NULL
NULL
NULL
NULL
[1] "iter 147 key simsEP_n=1000_base_learner=mean_sim_type=C_nsims=250"
NULL
NULL
NULL
NULL
[1] "iter 148 key simsEP_n=1000_base_learner=mean_sim_type=C_nsims=250"
NULL
NULL
NULL
NULL
[1] "iter 149 key simsEP_n=1000_base_learner=mean_sim_type=C_nsims=250"
NULL
NULL
NULL
NULL
[1] "iter 150 key simsEP_n=1000_base_learner=mean_sim_type=C_nsims=250"
NULL
NULL
NULL
NULL
[1] "iter 151 key simsEP_n=1000_base_learner=mean_sim_type=C_nsims=250"
NULL
NULL
NULL
NULL
[1] "iter 152 key simsEP_n=1000_base_learner=mean_sim_type=C_nsims=250"
NULL
NULL
NULL
NULL
[1] "iter 153 key simsEP_n=1000_base_learner=mean_sim_type=C_nsims=250"
NULL
NULL
NULL
NULL
[1] "iter 154 key simsEP_n=1000_base_learner=mean_sim_type=C_nsims=250"
NULL
NULL
NULL
NULL
[1] "iter 155 key simsEP_n=1000_base_learner=mean_sim_type=C_nsims=250"
NULL
NULL
NULL
NULL
[1] "iter 156 key simsEP_n=1000_base_learner=mean_sim_type=C_nsims=250"
NULL
NULL
NULL
NULL
[1] "iter 157 key simsEP_n=1000_base_learner=mean_sim_type=C_nsims=250"
NULL
NULL
NULL
NULL
[1] "iter 158 key simsEP_n=1000_base_learner=mean_sim_type=C_nsims=250"
NULL
NULL
NULL
NULL
[1] "iter 159 key simsEP_n=1000_base_learner=mean_sim_type=C_nsims=250"
NULL
NULL
NULL
NULL
[1] "iter 160 key simsEP_n=1000_base_learner=mean_sim_type=C_nsims=250"
NULL
NULL
NULL
NULL
[1] "iter 161 key simsEP_n=1000_base_learner=mean_sim_type=C_nsims=250"
NULL
NULL
NULL
NULL
[1] "iter 162 key simsEP_n=1000_base_learner=mean_sim_type=C_nsims=250"
NULL
NULL
NULL
NULL
[1] "iter 163 key simsEP_n=1000_base_learner=mean_sim_type=C_nsims=250"
NULL
NULL
NULL
NULL
[1] "iter 164 key simsEP_n=1000_base_learner=mean_sim_type=C_nsims=250"
NULL
NULL
NULL
NULL
[1] "iter 165 key simsEP_n=1000_base_learner=mean_sim_type=C_nsims=250"
NULL
NULL
NULL
NULL
[1] "iter 166 key simsEP_n=1000_base_learner=mean_sim_type=C_nsims=250"
NULL
NULL
NULL
NULL
[1] "iter 167 key simsEP_n=1000_base_learner=mean_sim_type=C_nsims=250"
NULL
NULL
NULL
NULL
[1] "iter 168 key simsEP_n=1000_base_learner=mean_sim_type=C_nsims=250"
NULL
NULL
NULL
NULL
[1] "iter 169 key simsEP_n=1000_base_learner=mean_sim_type=C_nsims=250"
NULL
NULL
NULL
NULL
[1] "iter 170 key simsEP_n=1000_base_learner=mean_sim_type=C_nsims=250"
NULL
NULL
NULL
NULL
[1] "iter 171 key simsEP_n=1000_base_learner=mean_sim_type=C_nsims=250"
NULL
NULL
NULL
NULL
[1] "iter 172 key simsEP_n=1000_base_learner=mean_sim_type=C_nsims=250"
NULL
NULL
NULL
NULL
[1] "iter 173 key simsEP_n=1000_base_learner=mean_sim_type=C_nsims=250"
NULL
NULL
NULL
NULL
[1] "iter 174 key simsEP_n=1000_base_learner=mean_sim_type=C_nsims=250"
NULL
NULL
NULL
NULL
[1] "iter 175 key simsEP_n=1000_base_learner=mean_sim_type=C_nsims=250"
NULL
NULL
NULL
NULL
[1] "iter 176 key simsEP_n=1000_base_learner=mean_sim_type=C_nsims=250"
NULL
NULL
NULL
NULL
[1] "iter 177 key simsEP_n=1000_base_learner=mean_sim_type=C_nsims=250"
NULL
NULL
NULL
NULL
[1] "iter 178 key simsEP_n=1000_base_learner=mean_sim_type=C_nsims=250"
NULL
NULL
NULL
NULL
[1] "iter 179 key simsEP_n=1000_base_learner=mean_sim_type=C_nsims=250"
NULL
NULL
NULL
NULL
[1] "iter 180 key simsEP_n=1000_base_learner=mean_sim_type=C_nsims=250"
NULL
NULL
NULL
NULL
[1] "iter 181 key simsEP_n=1000_base_learner=mean_sim_type=C_nsims=250"
NULL
NULL
NULL
NULL
[1] "iter 182 key simsEP_n=1000_base_learner=mean_sim_type=C_nsims=250"
NULL
NULL
NULL
NULL
[1] "iter 183 key simsEP_n=1000_base_learner=mean_sim_type=C_nsims=250"
NULL
NULL
NULL
NULL
[1] "iter 184 key simsEP_n=1000_base_learner=mean_sim_type=C_nsims=250"
NULL
NULL
NULL
NULL
[1] "iter 185 key simsEP_n=1000_base_learner=mean_sim_type=C_nsims=250"
NULL
NULL
NULL
NULL
[1] "iter 186 key simsEP_n=1000_base_learner=mean_sim_type=C_nsims=250"
NULL
NULL
NULL
NULL
[1] "iter 187 key simsEP_n=1000_base_learner=mean_sim_type=C_nsims=250"
NULL
NULL
NULL
NULL
[1] "iter 188 key simsEP_n=1000_base_learner=mean_sim_type=C_nsims=250"
NULL
NULL
NULL
NULL
[1] "iter 189 key simsEP_n=1000_base_learner=mean_sim_type=C_nsims=250"
NULL
NULL
NULL
NULL
[1] "iter 190 key simsEP_n=1000_base_learner=mean_sim_type=C_nsims=250"
NULL
NULL
NULL
NULL
[1] "iter 191 key simsEP_n=1000_base_learner=mean_sim_type=C_nsims=250"
NULL
NULL
NULL
NULL
[1] "iter 192 key simsEP_n=1000_base_learner=mean_sim_type=C_nsims=250"
NULL
NULL
NULL
NULL
[1] "iter 193 key simsEP_n=1000_base_learner=mean_sim_type=C_nsims=250"
NULL
NULL
NULL
NULL
[1] "iter 194 key simsEP_n=1000_base_learner=mean_sim_type=C_nsims=250"
NULL
NULL
NULL
NULL
[1] "iter 195 key simsEP_n=1000_base_learner=mean_sim_type=C_nsims=250"
NULL
NULL
NULL
NULL
[1] "iter 196 key simsEP_n=1000_base_learner=mean_sim_type=C_nsims=250"
NULL
NULL
NULL
NULL
[1] "iter 197 key simsEP_n=1000_base_learner=mean_sim_type=C_nsims=250"
NULL
NULL
NULL
NULL
[1] "iter 198 key simsEP_n=1000_base_learner=mean_sim_type=C_nsims=250"
NULL
NULL
NULL
NULL
[1] "iter 199 key simsEP_n=1000_base_learner=mean_sim_type=C_nsims=250"
NULL
NULL
NULL
NULL
[1] "iter 200 key simsEP_n=1000_base_learner=mean_sim_type=C_nsims=250"
NULL
NULL
NULL
NULL
[1] "iter 201 key simsEP_n=1000_base_learner=mean_sim_type=C_nsims=250"
NULL
NULL
NULL
NULL
[1] "iter 202 key simsEP_n=1000_base_learner=mean_sim_type=C_nsims=250"
NULL
NULL
NULL
NULL
[1] "iter 203 key simsEP_n=1000_base_learner=mean_sim_type=C_nsims=250"
NULL
NULL
NULL
NULL
[1] "iter 204 key simsEP_n=1000_base_learner=mean_sim_type=C_nsims=250"
NULL
NULL
NULL
NULL
[1] "iter 205 key simsEP_n=1000_base_learner=mean_sim_type=C_nsims=250"
NULL
NULL
NULL
NULL
[1] "iter 206 key simsEP_n=1000_base_learner=mean_sim_type=C_nsims=250"
NULL
NULL
NULL
NULL
[1] "iter 207 key simsEP_n=1000_base_learner=mean_sim_type=C_nsims=250"
NULL
NULL
NULL
NULL
[1] "iter 208 key simsEP_n=1000_base_learner=mean_sim_type=C_nsims=250"
NULL
NULL
NULL
NULL
[1] "iter 209 key simsEP_n=1000_base_learner=mean_sim_type=C_nsims=250"
NULL
NULL
NULL
NULL
[1] "iter 210 key simsEP_n=1000_base_learner=mean_sim_type=C_nsims=250"
NULL
NULL
NULL
NULL
[1] "iter 211 key simsEP_n=1000_base_learner=mean_sim_type=C_nsims=250"
NULL
NULL
NULL
NULL
[1] "iter 212 key simsEP_n=1000_base_learner=mean_sim_type=C_nsims=250"
NULL
NULL
NULL
NULL
[1] "iter 213 key simsEP_n=1000_base_learner=mean_sim_type=C_nsims=250"
NULL
NULL
NULL
NULL
[1] "iter 214 key simsEP_n=1000_base_learner=mean_sim_type=C_nsims=250"
NULL
NULL
NULL
NULL
[1] "iter 215 key simsEP_n=1000_base_learner=mean_sim_type=C_nsims=250"
NULL
NULL
NULL
NULL
[1] "iter 216 key simsEP_n=1000_base_learner=mean_sim_type=C_nsims=250"
NULL
NULL
NULL
NULL
[1] "iter 217 key simsEP_n=1000_base_learner=mean_sim_type=C_nsims=250"
NULL
NULL
NULL
NULL
[1] "iter 218 key simsEP_n=1000_base_learner=mean_sim_type=C_nsims=250"
NULL
NULL
NULL
NULL
[1] "iter 219 key simsEP_n=1000_base_learner=mean_sim_type=C_nsims=250"
NULL
NULL
NULL
NULL
[1] "iter 220 key simsEP_n=1000_base_learner=mean_sim_type=C_nsims=250"
NULL
NULL
NULL
NULL
[1] "iter 221 key simsEP_n=1000_base_learner=mean_sim_type=C_nsims=250"
NULL
NULL
NULL
NULL
[1] "iter 222 key simsEP_n=1000_base_learner=mean_sim_type=C_nsims=250"
NULL
NULL
NULL
NULL
[1] "iter 223 key simsEP_n=1000_base_learner=mean_sim_type=C_nsims=250"
NULL
NULL
NULL
NULL
[1] "iter 224 key simsEP_n=1000_base_learner=mean_sim_type=C_nsims=250"
NULL
NULL
NULL
NULL
[1] "iter 225 key simsEP_n=1000_base_learner=mean_sim_type=C_nsims=250"
NULL
NULL
NULL
NULL
[1] "iter 226 key simsEP_n=1000_base_learner=mean_sim_type=C_nsims=250"
NULL
NULL
NULL
NULL
[1] "iter 227 key simsEP_n=1000_base_learner=mean_sim_type=C_nsims=250"
NULL
NULL
NULL
NULL
[1] "iter 228 key simsEP_n=1000_base_learner=mean_sim_type=C_nsims=250"
NULL
NULL
NULL
NULL
[1] "iter 229 key simsEP_n=1000_base_learner=mean_sim_type=C_nsims=250"
NULL
NULL
NULL
NULL
[1] "iter 230 key simsEP_n=1000_base_learner=mean_sim_type=C_nsims=250"
NULL
NULL
NULL
NULL
[1] "iter 231 key simsEP_n=1000_base_learner=mean_sim_type=C_nsims=250"
NULL
NULL
NULL
NULL
[1] "iter 232 key simsEP_n=1000_base_learner=mean_sim_type=C_nsims=250"
NULL
NULL
NULL
NULL
[1] "iter 233 key simsEP_n=1000_base_learner=mean_sim_type=C_nsims=250"
NULL
NULL
NULL
NULL
[1] "iter 234 key simsEP_n=1000_base_learner=mean_sim_type=C_nsims=250"
NULL
NULL
NULL
NULL
[1] "iter 235 key simsEP_n=1000_base_learner=mean_sim_type=C_nsims=250"
NULL
NULL
NULL
NULL
[1] "iter 236 key simsEP_n=1000_base_learner=mean_sim_type=C_nsims=250"
NULL
NULL
NULL
NULL
[1] "iter 237 key simsEP_n=1000_base_learner=mean_sim_type=C_nsims=250"
NULL
NULL
NULL
NULL
[1] "iter 238 key simsEP_n=1000_base_learner=mean_sim_type=C_nsims=250"
NULL
NULL
NULL
NULL
[1] "iter 239 key simsEP_n=1000_base_learner=mean_sim_type=C_nsims=250"
NULL
NULL
NULL
NULL
[1] "iter 240 key simsEP_n=1000_base_learner=mean_sim_type=C_nsims=250"
NULL
NULL
NULL
NULL
[1] "iter 241 key simsEP_n=1000_base_learner=mean_sim_type=C_nsims=250"
NULL
NULL
NULL
NULL
[1] "iter 242 key simsEP_n=1000_base_learner=mean_sim_type=C_nsims=250"
NULL
NULL
NULL
NULL
[1] "iter 243 key simsEP_n=1000_base_learner=mean_sim_type=C_nsims=250"
NULL
NULL
NULL
NULL
[1] "iter 244 key simsEP_n=1000_base_learner=mean_sim_type=C_nsims=250"
NULL
NULL
NULL
NULL
[1] "iter 245 key simsEP_n=1000_base_learner=mean_sim_type=C_nsims=250"
NULL
NULL
NULL
NULL
[1] "iter 246 key simsEP_n=1000_base_learner=mean_sim_type=C_nsims=250"
NULL
NULL
NULL
NULL
[1] "iter 247 key simsEP_n=1000_base_learner=mean_sim_type=C_nsims=250"
NULL
NULL
NULL
NULL
[1] "iter 248 key simsEP_n=1000_base_learner=mean_sim_type=C_nsims=250"
NULL
NULL
NULL
NULL
[1] "iter 249 key simsEP_n=1000_base_learner=mean_sim_type=C_nsims=250"
NULL
NULL
NULL
NULL
[1] "iter 250 key simsEP_n=1000_base_learner=mean_sim_type=C_nsims=250"
NULL
NULL
NULL
NULL
There were 50 or more warnings (use warnings() to see the first 50)
[1] "iter 1 key simsEP_n=1000_base_learner=rf_sim_type=C_nsims=20"
NULL
NULL
NULL
NULL
[1] "iter 2 key simsEP_n=1000_base_learner=rf_sim_type=C_nsims=20"
NULL
NULL
NULL
NULL
[1] "iter 3 key simsEP_n=1000_base_learner=rf_sim_type=C_nsims=20"
NULL
NULL
NULL
NULL
[1] "iter 4 key simsEP_n=1000_base_learner=rf_sim_type=C_nsims=20"
NULL
NULL
NULL
NULL
[1] "iter 5 key simsEP_n=1000_base_learner=rf_sim_type=C_nsims=20"
NULL
NULL
NULL
NULL
[1] "iter 6 key simsEP_n=1000_base_learner=rf_sim_type=C_nsims=20"
NULL
NULL
NULL
NULL
[1] "iter 7 key simsEP_n=1000_base_learner=rf_sim_type=C_nsims=20"
NULL
NULL
NULL
NULL
[1] "iter 8 key simsEP_n=1000_base_learner=rf_sim_type=C_nsims=20"
NULL
NULL
NULL
NULL
[1] "iter 9 key simsEP_n=1000_base_learner=rf_sim_type=C_nsims=20"
NULL
NULL
NULL
NULL
[1] "iter 10 key simsEP_n=1000_base_learner=rf_sim_type=C_nsims=20"
NULL
NULL
NULL
NULL
[1] "iter 11 key simsEP_n=1000_base_learner=rf_sim_type=C_nsims=20"
NULL
NULL
NULL
NULL
[1] "iter 12 key simsEP_n=1000_base_learner=rf_sim_type=C_nsims=20"
NULL
NULL
NULL
NULL
[1] "iter 13 key simsEP_n=1000_base_learner=rf_sim_type=C_nsims=20"
NULL
NULL
NULL
NULL
[1] "iter 14 key simsEP_n=1000_base_learner=rf_sim_type=C_nsims=20"
NULL
NULL
NULL
NULL
[1] "iter 15 key simsEP_n=1000_base_learner=rf_sim_type=C_nsims=20"
NULL
NULL
NULL
NULL
[1] "iter 16 key simsEP_n=1000_base_learner=rf_sim_type=C_nsims=20"
NULL
NULL
NULL
NULL
[1] "iter 17 key simsEP_n=1000_base_learner=rf_sim_type=C_nsims=20"
NULL
NULL
NULL
NULL
[1] "iter 18 key simsEP_n=1000_base_learner=rf_sim_type=C_nsims=20"
NULL
NULL
NULL
NULL
[1] "iter 19 key simsEP_n=1000_base_learner=rf_sim_type=C_nsims=20"
NULL
NULL
NULL
NULL
[1] "iter 20 key simsEP_n=1000_base_learner=rf_sim_type=C_nsims=20"
NULL
NULL
NULL
NULL
There were 50 or more warnings (use warnings() to see the first 50)
       ep_MSE     dr_MSE       r_MSE     t_MSE     cf_MSE
        <num>      <num>       <num>     <num>      <num>
1: 0.02617174 0.01470298 0.006155609 0.5728758 0.00618102
