LOADING R
R LOADED
[1] 1
[1] "simsEP_n=500_pos=FALSE_hard=FALSE_base_learner=gam_sim_type=CATElow_nsims=1"
[1] 500   4
[1] 500   7
[1] 500  10
[1] 500  16
[1] 500  25
[1] 400   4
[1] 400   7
[1] 400  10
[1] 400  16
[1] 400  25
[1] 400   4
[1] 400   7
[1] 400  10
[1] 400  16
[1] 400  25
[1] 400   4
[1] 400   7
[1] 400  10
[1] 400  16
[1] 400  25
[1] 400   4
[1] 400   7
[1] 400  10
[1] 400  16
[1] 400  25
[1] 400   4
[1] 400   7
[1] 400  10
[1] 400  16
[1] 400  25
[1] 500  43
 Lrnr_cate_EP_3_3_FALSE_1_0  Lrnr_cate_EP_6_3_FALSE_1_0 
                  0.7546440                   0.7825998 
 Lrnr_cate_EP_9_3_FALSE_1_0 Lrnr_cate_EP_15_3_FALSE_1_0 
                  0.7661175                   0.8095589 
Lrnr_cate_EP_24_3_FALSE_1_0 
                  0.8004072 
