LOADING R
R LOADED
[1] 1
[1] "simsEP_n=5000_pos=TRUE_hard=FALSE_base_learner=rf_sim_type=CATElow_nsims=1000"
[1] 5000    4
[1] 5000    7
[1] 5000   10
[1] 5000   13
[1] 5000   16
[1] 5000   19
[1] 4000    4
[1] 4000    7
[1] 4000   10
[1] 4000   13
[1] 4000   16
[1] 4000   19
[1] 4000    4
[1] 4000    7
[1] 4000   10
[1] 4000   13
[1] 4000   16
[1] 4000   19
[1] 4000    4
[1] 4000    7
[1] 4000   10
[1] 4000   13
[1] 4000   16
[1] 4000   19
[1] 4000    4
[1] 4000    7
[1] 4000   10
[1] 4000   13
[1] 4000   16
[1] 4000   19
[1] 4000    4
[1] 4000    7
[1] 4000   10
[1] 4000   13
[1] 4000   16
[1] 4000   19
NULL
[1] 5000  109
[1] 4000  135
[1] 4000  114
[1] 4000  109
[1] 4000   97
[1] 4000  108
NULL
NULL
NULL
NULL
