LOADING R
R LOADED
[1] 1
[1] "simsEP_n=3500_pos=TRUE_hard=FALSE_base_learner=xg_sim_type=CATElow_nsims=1000"
[1] 3500    4
[1] 3500    7
[1] 3500   10
[1] 3500   13
[1] 3500   16
[1] 3500   19
[1] 2800    4
[1] 2800    7
[1] 2800   10
[1] 2800   13
[1] 2800   16
[1] 2800   19
[1] 2800    4
[1] 2800    7
[1] 2800   10
[1] 2800   13
[1] 2800   16
[1] 2800   19
[1] 2800    4
[1] 2800    7
[1] 2800   10
[1] 2800   13
[1] 2800   16
[1] 2800   19
[1] 2800    4
[1] 2800    7
[1] 2800   10
[1] 2800   13
[1] 2800   16
[1] 2800   19
[1] 2800    4
[1] 2800    7
[1] 2800   10
[1] 2800   13
[1] 2800   16
[1] 2800   19
NULL
[1] 3500  118
[1] 2800  150
[1] 2800  111
[1] 2800  102
[1] 2800   92
[1] 2800   90
NULL
NULL
NULL
NULL
