LOADING R
R LOADED
[1] 1
[1] "simsEP_n=500_pos=FALSE_hard=FALSE_base_learner=xg_sim_type=CATElow_nsims=1"
[1] 500   4
[1] 500   7
[1] 500  10
[1] 500  16
[1] 500  25
[1] 400   4
[1] 400   7
[1] 400  10
[1] 400  16
[1] 400  25
[1] 400   4
[1] 400   7
[1] 400  10
[1] 400  16
[1] 400  25
[1] 400   4
[1] 400   7
[1] 400  10
[1] 400  16
[1] 400  25
[1] 400   4
[1] 400   7
[1] 400  10
[1] 400  16
[1] 400  25
[1] 400   4
[1] 400   7
[1] 400  10
[1] 400  16
[1] 400  25
[1] 500  32
[1] 400  46
[1] 400  18
[1] 400  19
[1] 400  33
[1] 400  43
 Lrnr_cate_EP_3_3_FALSE_1_0_Lrnr_xgboost_20_1_1_5 
                                        0.7183382 
 Lrnr_cate_EP_3_3_FALSE_1_0_Lrnr_xgboost_20_1_2_5 
                                        0.7609209 
 Lrnr_cate_EP_3_3_FALSE_1_0_Lrnr_xgboost_20_1_3_5 
                                        0.7558152 
 Lrnr_cate_EP_3_3_FALSE_1_0_Lrnr_xgboost_20_1_4_5 
                                        0.7810028 
 Lrnr_cate_EP_3_3_FALSE_1_0_Lrnr_xgboost_20_1_5_5 
                                        0.7723208 
 Lrnr_cate_EP_6_3_FALSE_1_0_Lrnr_xgboost_20_1_1_5 
                                        0.7316352 
 Lrnr_cate_EP_6_3_FALSE_1_0_Lrnr_xgboost_20_1_2_5 
                                        0.7479886 
 Lrnr_cate_EP_6_3_FALSE_1_0_Lrnr_xgboost_20_1_3_5 
                                        0.7830560 
 Lrnr_cate_EP_6_3_FALSE_1_0_Lrnr_xgboost_20_1_4_5 
                                        0.7777741 
 Lrnr_cate_EP_6_3_FALSE_1_0_Lrnr_xgboost_20_1_5_5 
                                        0.8055750 
 Lrnr_cate_EP_9_3_FALSE_1_0_Lrnr_xgboost_20_1_1_5 
                                        0.7164595 
 Lrnr_cate_EP_9_3_FALSE_1_0_Lrnr_xgboost_20_1_2_5 
                                        0.7678030 
 Lrnr_cate_EP_9_3_FALSE_1_0_Lrnr_xgboost_20_1_3_5 
                                        0.7682458 
 Lrnr_cate_EP_9_3_FALSE_1_0_Lrnr_xgboost_20_1_4_5 
                                        0.7924396 
 Lrnr_cate_EP_9_3_FALSE_1_0_Lrnr_xgboost_20_1_5_5 
                                        0.7881679 
Lrnr_cate_EP_15_3_FALSE_1_0_Lrnr_xgboost_20_1_1_5 
                                        0.7155611 
Lrnr_cate_EP_15_3_FALSE_1_0_Lrnr_xgboost_20_1_2_5 
                                        0.7529764 
Lrnr_cate_EP_15_3_FALSE_1_0_Lrnr_xgboost_20_1_3_5 
                                        0.8043162 
Lrnr_cate_EP_15_3_FALSE_1_0_Lrnr_xgboost_20_1_4_5 
                                        0.7993928 
Lrnr_cate_EP_15_3_FALSE_1_0_Lrnr_xgboost_20_1_5_5 
                                        0.8283177 
Lrnr_cate_EP_24_3_FALSE_1_0_Lrnr_xgboost_20_1_1_5 
                                        0.6951341 
Lrnr_cate_EP_24_3_FALSE_1_0_Lrnr_xgboost_20_1_2_5 
                                        0.7883843 
Lrnr_cate_EP_24_3_FALSE_1_0_Lrnr_xgboost_20_1_3_5 
                                        0.8358464 
Lrnr_cate_EP_24_3_FALSE_1_0_Lrnr_xgboost_20_1_4_5 
                                        0.8711143 
Lrnr_cate_EP_24_3_FALSE_1_0_Lrnr_xgboost_20_1_5_5 
                                        0.8898928 
