LOADING R
R LOADED
[1] 1
[1] "simsEP_n=1000_pos=TRUE_hard=TRUE_base_learner=xg_sim_type=CATElow_nsims=1000"
[1] 1000    4
[1] 1000    7
[1] 1000   10
[1] 1000   13
[1] 1000   16
[1] 1000   19
[1] 800   4
[1] 800   7
[1] 800  10
[1] 800  13
[1] 800  16
[1] 800  19
[1] 800   4
[1] 800   7
[1] 800  10
[1] 800  13
[1] 800  16
[1] 800  19
[1] 800   4
[1] 800   7
[1] 800  10
[1] 800  13
[1] 800  16
[1] 800  19
[1] 800   4
[1] 800   7
[1] 800  10
[1] 800  13
[1] 800  16
[1] 800  19
[1] 800   4
[1] 800   7
[1] 800  10
[1] 800  13
[1] 800  16
[1] 800  19
NULL
[1] 1000   72
[1] 800  63
[1] 800 137
[1] 800  36
[1] 800  51
[1] 800  98
NULL
NULL
NULL
NULL
