LOADING R
R LOADED
[1] 1
[1] "simsEP_n=4000_pos=TRUE_hard=TRUE_base_learner=xg_sim_type=crr_nsims=1000"
[1] 2
[1] "simsEP_n=4000_pos=TRUE_hard=TRUE_base_learner=xg_sim_type=crr_nsims=1000"
[1] 3
[1] "simsEP_n=4000_pos=TRUE_hard=TRUE_base_learner=xg_sim_type=crr_nsims=1000"
[1] 4
[1] "simsEP_n=4000_pos=TRUE_hard=TRUE_base_learner=xg_sim_type=crr_nsims=1000"
[1] 5
[1] "simsEP_n=4000_pos=TRUE_hard=TRUE_base_learner=xg_sim_type=crr_nsims=1000"
[1] 6
[1] "simsEP_n=4000_pos=TRUE_hard=TRUE_base_learner=xg_sim_type=crr_nsims=1000"
[1] 7
[1] "simsEP_n=4000_pos=TRUE_hard=TRUE_base_learner=xg_sim_type=crr_nsims=1000"
[1] 8
[1] "simsEP_n=4000_pos=TRUE_hard=TRUE_base_learner=xg_sim_type=crr_nsims=1000"
[1] 9
[1] "simsEP_n=4000_pos=TRUE_hard=TRUE_base_learner=xg_sim_type=crr_nsims=1000"
[1] 10
[1] "simsEP_n=4000_pos=TRUE_hard=TRUE_base_learner=xg_sim_type=crr_nsims=1000"
[1] 11
[1] "simsEP_n=4000_pos=TRUE_hard=TRUE_base_learner=xg_sim_type=crr_nsims=1000"
[1] 12
[1] "simsEP_n=4000_pos=TRUE_hard=TRUE_base_learner=xg_sim_type=crr_nsims=1000"
[1] 13
[1] "simsEP_n=4000_pos=TRUE_hard=TRUE_base_learner=xg_sim_type=crr_nsims=1000"
[1] 14
[1] "simsEP_n=4000_pos=TRUE_hard=TRUE_base_learner=xg_sim_type=crr_nsims=1000"
[1] 15
[1] "simsEP_n=4000_pos=TRUE_hard=TRUE_base_learner=xg_sim_type=crr_nsims=1000"
[1] 16
[1] "simsEP_n=4000_pos=TRUE_hard=TRUE_base_learner=xg_sim_type=crr_nsims=1000"
[1] 17
[1] "simsEP_n=4000_pos=TRUE_hard=TRUE_base_learner=xg_sim_type=crr_nsims=1000"
[1] 18
[1] "simsEP_n=4000_pos=TRUE_hard=TRUE_base_learner=xg_sim_type=crr_nsims=1000"
[1] 19
[1] "simsEP_n=4000_pos=TRUE_hard=TRUE_base_learner=xg_sim_type=crr_nsims=1000"
[1] 20
[1] "simsEP_n=4000_pos=TRUE_hard=TRUE_base_learner=xg_sim_type=crr_nsims=1000"
[1] 21
[1] "simsEP_n=4000_pos=TRUE_hard=TRUE_base_learner=xg_sim_type=crr_nsims=1000"
[1] 22
[1] "simsEP_n=4000_pos=TRUE_hard=TRUE_base_learner=xg_sim_type=crr_nsims=1000"
[1] 23
[1] "simsEP_n=4000_pos=TRUE_hard=TRUE_base_learner=xg_sim_type=crr_nsims=1000"
[1] 24
[1] "simsEP_n=4000_pos=TRUE_hard=TRUE_base_learner=xg_sim_type=crr_nsims=1000"
[1] 25
[1] "simsEP_n=4000_pos=TRUE_hard=TRUE_base_learner=xg_sim_type=crr_nsims=1000"
[1] 26
[1] "simsEP_n=4000_pos=TRUE_hard=TRUE_base_learner=xg_sim_type=crr_nsims=1000"
[1] 27
[1] "simsEP_n=4000_pos=TRUE_hard=TRUE_base_learner=xg_sim_type=crr_nsims=1000"
[1] 28
[1] "simsEP_n=4000_pos=TRUE_hard=TRUE_base_learner=xg_sim_type=crr_nsims=1000"
[1] 29
[1] "simsEP_n=4000_pos=TRUE_hard=TRUE_base_learner=xg_sim_type=crr_nsims=1000"
[1] 30
[1] "simsEP_n=4000_pos=TRUE_hard=TRUE_base_learner=xg_sim_type=crr_nsims=1000"
[1] 31
[1] "simsEP_n=4000_pos=TRUE_hard=TRUE_base_learner=xg_sim_type=crr_nsims=1000"
[1] 32
[1] "simsEP_n=4000_pos=TRUE_hard=TRUE_base_learner=xg_sim_type=crr_nsims=1000"
[1] 33
[1] "simsEP_n=4000_pos=TRUE_hard=TRUE_base_learner=xg_sim_type=crr_nsims=1000"
[1] 34
[1] "simsEP_n=4000_pos=TRUE_hard=TRUE_base_learner=xg_sim_type=crr_nsims=1000"
[1] 35
[1] "simsEP_n=4000_pos=TRUE_hard=TRUE_base_learner=xg_sim_type=crr_nsims=1000"
[1] 36
[1] "simsEP_n=4000_pos=TRUE_hard=TRUE_base_learner=xg_sim_type=crr_nsims=1000"
[1] 37
[1] "simsEP_n=4000_pos=TRUE_hard=TRUE_base_learner=xg_sim_type=crr_nsims=1000"
[1] 38
[1] "simsEP_n=4000_pos=TRUE_hard=TRUE_base_learner=xg_sim_type=crr_nsims=1000"
[1] 39
[1] "simsEP_n=4000_pos=TRUE_hard=TRUE_base_learner=xg_sim_type=crr_nsims=1000"
[1] 40
[1] "simsEP_n=4000_pos=TRUE_hard=TRUE_base_learner=xg_sim_type=crr_nsims=1000"
[1] 41
[1] "simsEP_n=4000_pos=TRUE_hard=TRUE_base_learner=xg_sim_type=crr_nsims=1000"
[1] 42
[1] "simsEP_n=4000_pos=TRUE_hard=TRUE_base_learner=xg_sim_type=crr_nsims=1000"
[1] 43
[1] "simsEP_n=4000_pos=TRUE_hard=TRUE_base_learner=xg_sim_type=crr_nsims=1000"
[1] 44
[1] "simsEP_n=4000_pos=TRUE_hard=TRUE_base_learner=xg_sim_type=crr_nsims=1000"
[1] 45
[1] "simsEP_n=4000_pos=TRUE_hard=TRUE_base_learner=xg_sim_type=crr_nsims=1000"
[1] 46
[1] "simsEP_n=4000_pos=TRUE_hard=TRUE_base_learner=xg_sim_type=crr_nsims=1000"
[1] 47
[1] "simsEP_n=4000_pos=TRUE_hard=TRUE_base_learner=xg_sim_type=crr_nsims=1000"
[1] 48
[1] "simsEP_n=4000_pos=TRUE_hard=TRUE_base_learner=xg_sim_type=crr_nsims=1000"
[1] 49
[1] "simsEP_n=4000_pos=TRUE_hard=TRUE_base_learner=xg_sim_type=crr_nsims=1000"
[1] 50
[1] "simsEP_n=4000_pos=TRUE_hard=TRUE_base_learner=xg_sim_type=crr_nsims=1000"
[1] 51
[1] "simsEP_n=4000_pos=TRUE_hard=TRUE_base_learner=xg_sim_type=crr_nsims=1000"
[1] 52
[1] "simsEP_n=4000_pos=TRUE_hard=TRUE_base_learner=xg_sim_type=crr_nsims=1000"
[1] 53
[1] "simsEP_n=4000_pos=TRUE_hard=TRUE_base_learner=xg_sim_type=crr_nsims=1000"
[1] 54
[1] "simsEP_n=4000_pos=TRUE_hard=TRUE_base_learner=xg_sim_type=crr_nsims=1000"
[1] 55
[1] "simsEP_n=4000_pos=TRUE_hard=TRUE_base_learner=xg_sim_type=crr_nsims=1000"
[1] 56
[1] "simsEP_n=4000_pos=TRUE_hard=TRUE_base_learner=xg_sim_type=crr_nsims=1000"
[1] 57
[1] "simsEP_n=4000_pos=TRUE_hard=TRUE_base_learner=xg_sim_type=crr_nsims=1000"
[1] 58
[1] "simsEP_n=4000_pos=TRUE_hard=TRUE_base_learner=xg_sim_type=crr_nsims=1000"
[1] 59
[1] "simsEP_n=4000_pos=TRUE_hard=TRUE_base_learner=xg_sim_type=crr_nsims=1000"
[1] 60
[1] "simsEP_n=4000_pos=TRUE_hard=TRUE_base_learner=xg_sim_type=crr_nsims=1000"
[1] 61
[1] "simsEP_n=4000_pos=TRUE_hard=TRUE_base_learner=xg_sim_type=crr_nsims=1000"
[1] 62
[1] "simsEP_n=4000_pos=TRUE_hard=TRUE_base_learner=xg_sim_type=crr_nsims=1000"
