LOADING R
R LOADED
[1] 1
[1] "simsEP_n=5000_pos=FALSE_hard=FALSE_base_learner=xg_sim_type=CATElow_nsims=1000"
[1] 5000    4
[1] 5000    7
[1] 5000   10
[1] 5000   13
[1] 5000   16
[1] 5000   19
[1] 4000    4
[1] 4000    7
[1] 4000   10
[1] 4000   13
[1] 4000   16
[1] 4000   19
[1] 4000    4
[1] 4000    7
[1] 4000   10
[1] 4000   13
[1] 4000   16
[1] 4000   19
[1] 4000    4
[1] 4000    7
[1] 4000   10
[1] 4000   13
[1] 4000   16
[1] 4000   19
[1] 4000    4
[1] 4000    7
[1] 4000   10
[1] 4000   13
[1] 4000   16
[1] 4000   19
[1] 4000    4
[1] 4000    7
[1] 4000   10
[1] 4000   13
[1] 4000   16
[1] 4000   19
NULL
[1] 5000   55
[1] 4000   71
[1] 4000   60
[1] 4000   88
[1] 4000   60
[1] 4000   54
NULL
NULL
NULL
NULL
