LOADING R
R LOADED
[1] 1
[1] "simsEP_n=500_pos=TRUE_hard=TRUE_base_learner=earth_sim_type=CATElow_nsims=1000"
[1] 500   4
[1] 500   7
[1] 500  10
[1] 500  13
[1] 500  16
[1] 500  19
[1] 400   4
[1] 400   7
[1] 400  10
[1] 400  13
[1] 400  16
[1] 400  19
[1] 400   4
[1] 400   7
[1] 400  10
[1] 400  13
[1] 400  16
[1] 400  19
[1] 400   4
[1] 400   7
[1] 400  10
[1] 400  13
[1] 400  16
[1] 400  19
[1] 400   4
[1] 400   7
[1] 400  10
[1] 400  13
[1] 400  16
[1] 400  19
[1] 400   4
[1] 400   7
[1] 400  10
[1] 400  13
[1] 400  16
[1] 400  19
NULL
 Lrnr_cate_EP_3_3_FALSE_1_0  Lrnr_cate_EP_6_3_FALSE_1_0 
                          0                           0 
 Lrnr_cate_EP_9_3_FALSE_1_0 Lrnr_cate_EP_12_3_FALSE_1_0 
                          0                           1 
Lrnr_cate_EP_15_3_FALSE_1_0 Lrnr_cate_EP_18_3_FALSE_1_0 
                          0                           0 
 Lrnr_cate_EP_3_3_FALSE_1_0  Lrnr_cate_EP_6_3_FALSE_1_0 
                   7.616311                    7.703433 
 Lrnr_cate_EP_9_3_FALSE_1_0 Lrnr_cate_EP_12_3_FALSE_1_0 
                   7.669060                    6.570098 
Lrnr_cate_EP_15_3_FALSE_1_0 Lrnr_cate_EP_18_3_FALSE_1_0 
                   6.632096                    6.601585 
[1] 500  23
[1] 2
[1] "simsEP_n=500_pos=TRUE_hard=TRUE_base_learner=earth_sim_type=CATElow_nsims=1000"
[1] 500   4
[1] 500   7
[1] 500  10
[1] 500  13
[1] 500  16
[1] 500  19
[1] 400   4
[1] 400   7
[1] 400  10
[1] 400  13
[1] 400  16
[1] 400  19
[1] 400   4
[1] 400   7
[1] 400  10
[1] 400  13
[1] 400  16
[1] 400  19
[1] 400   4
[1] 400   7
[1] 400  10
[1] 400  13
[1] 400  16
[1] 400  19
[1] 400   4
[1] 400   7
[1] 400  10
[1] 400  13
[1] 400  16
[1] 400  19
[1] 400   4
[1] 400   7
[1] 400  10
[1] 400  13
[1] 400  16
[1] 400  19
NULL
 Lrnr_cate_EP_3_3_FALSE_1_0  Lrnr_cate_EP_6_3_FALSE_1_0 
                          0                           0 
 Lrnr_cate_EP_9_3_FALSE_1_0 Lrnr_cate_EP_12_3_FALSE_1_0 
                          0                           1 
Lrnr_cate_EP_15_3_FALSE_1_0 Lrnr_cate_EP_18_3_FALSE_1_0 
                          0                           0 
 Lrnr_cate_EP_3_3_FALSE_1_0  Lrnr_cate_EP_6_3_FALSE_1_0 
                   7.677437                    7.686088 
 Lrnr_cate_EP_9_3_FALSE_1_0 Lrnr_cate_EP_12_3_FALSE_1_0 
                   7.717682                    6.540281 
Lrnr_cate_EP_15_3_FALSE_1_0 Lrnr_cate_EP_18_3_FALSE_1_0 
                   6.596068                    6.649545 
[1] 500  17
[1] 3
[1] "simsEP_n=500_pos=TRUE_hard=TRUE_base_learner=earth_sim_type=CATElow_nsims=1000"
[1] 500   4
[1] 500   7
[1] 500  10
[1] 500  13
[1] 500  16
[1] 500  19
[1] 400   4
[1] 400   7
[1] 400  10
[1] 400  13
[1] 400  16
[1] 400  19
[1] 400   4
[1] 400   7
[1] 400  10
[1] 400  13
[1] 400  16
[1] 400  19
[1] 400   4
[1] 400   7
[1] 400  10
[1] 400  13
[1] 400  16
[1] 400  19
[1] 400   4
[1] 400   7
[1] 400  10
[1] 400  13
[1] 400  16
[1] 400  19
[1] 400   4
[1] 400   7
[1] 400  10
[1] 400  13
[1] 400  16
[1] 400  19
NULL
 Lrnr_cate_EP_3_3_FALSE_1_0  Lrnr_cate_EP_6_3_FALSE_1_0 
                          0                           0 
 Lrnr_cate_EP_9_3_FALSE_1_0 Lrnr_cate_EP_12_3_FALSE_1_0 
                          0                           0 
Lrnr_cate_EP_15_3_FALSE_1_0 Lrnr_cate_EP_18_3_FALSE_1_0 
                          0                           1 
 Lrnr_cate_EP_3_3_FALSE_1_0  Lrnr_cate_EP_6_3_FALSE_1_0 
                   7.563612                    7.569173 
 Lrnr_cate_EP_9_3_FALSE_1_0 Lrnr_cate_EP_12_3_FALSE_1_0 
                   7.599929                    6.838865 
Lrnr_cate_EP_15_3_FALSE_1_0 Lrnr_cate_EP_18_3_FALSE_1_0 
                   6.774884                    6.774132 
[1] 500  46
[1] 4
[1] "simsEP_n=500_pos=TRUE_hard=TRUE_base_learner=earth_sim_type=CATElow_nsims=1000"
[1] 500   4
[1] 500   7
[1] 500  10
[1] 500  13
[1] 500  16
[1] 500  19
[1] 400   4
[1] 400   7
[1] 400  10
[1] 400  13
[1] 400  16
[1] 400  19
[1] 400   4
[1] 400   7
[1] 400  10
[1] 400  13
[1] 400  16
[1] 400  19
[1] 400   4
[1] 400   7
[1] 400  10
[1] 400  13
[1] 400  16
[1] 400  19
[1] 400   4
[1] 400   7
[1] 400  10
[1] 400  13
[1] 400  16
[1] 400  19
[1] 400   4
[1] 400   7
[1] 400  10
[1] 400  13
[1] 400  16
[1] 400  19
NULL
 Lrnr_cate_EP_3_3_FALSE_1_0  Lrnr_cate_EP_6_3_FALSE_1_0 
                          0                           0 
 Lrnr_cate_EP_9_3_FALSE_1_0 Lrnr_cate_EP_12_3_FALSE_1_0 
                          0                           0 
Lrnr_cate_EP_15_3_FALSE_1_0 Lrnr_cate_EP_18_3_FALSE_1_0 
                          1                           0 
 Lrnr_cate_EP_3_3_FALSE_1_0  Lrnr_cate_EP_6_3_FALSE_1_0 
                   4.234238                    4.312264 
 Lrnr_cate_EP_9_3_FALSE_1_0 Lrnr_cate_EP_12_3_FALSE_1_0 
                   4.331187                    4.111713 
Lrnr_cate_EP_15_3_FALSE_1_0 Lrnr_cate_EP_18_3_FALSE_1_0 
                   4.103342                    4.110155 
[1] 500  47
[1] 5
[1] "simsEP_n=500_pos=TRUE_hard=TRUE_base_learner=earth_sim_type=CATElow_nsims=1000"
[1] 500   4
[1] 500   7
[1] 500  10
[1] 500  13
[1] 500  16
[1] 500  19
[1] 400   4
[1] 400   7
[1] 400  10
[1] 400  13
[1] 400  16
[1] 400  19
[1] 400   4
[1] 400   7
[1] 400  10
[1] 400  13
[1] 400  16
[1] 400  19
[1] 400   4
[1] 400   7
[1] 400  10
[1] 400  13
[1] 400  16
[1] 400  19
[1] 400   4
[1] 400   7
[1] 400  10
[1] 400  13
[1] 400  16
[1] 400  19
[1] 400   4
[1] 400   7
[1] 400  10
[1] 400  13
[1] 400  16
[1] 400  19
NULL
 Lrnr_cate_EP_3_3_FALSE_1_0  Lrnr_cate_EP_6_3_FALSE_1_0 
                          0                           0 
 Lrnr_cate_EP_9_3_FALSE_1_0 Lrnr_cate_EP_12_3_FALSE_1_0 
                          0                           1 
Lrnr_cate_EP_15_3_FALSE_1_0 Lrnr_cate_EP_18_3_FALSE_1_0 
                          0                           0 
 Lrnr_cate_EP_3_3_FALSE_1_0  Lrnr_cate_EP_6_3_FALSE_1_0 
                   6.003543                    6.099304 
 Lrnr_cate_EP_9_3_FALSE_1_0 Lrnr_cate_EP_12_3_FALSE_1_0 
                   6.070892                    5.980532 
Lrnr_cate_EP_15_3_FALSE_1_0 Lrnr_cate_EP_18_3_FALSE_1_0 
                   6.024560                    6.006599 
[1] 500  26
[1] 6
[1] "simsEP_n=500_pos=TRUE_hard=TRUE_base_learner=earth_sim_type=CATElow_nsims=1000"
[1] 500   4
[1] 500   7
[1] 500  10
[1] 500  13
[1] 500  16
[1] 500  19
[1] 400   4
[1] 400   7
[1] 400  10
[1] 400  13
[1] 400  16
[1] 400  19
[1] 400   4
[1] 400   7
[1] 400  10
[1] 400  13
[1] 400  16
[1] 400  19
[1] 400   4
[1] 400   7
[1] 400  10
[1] 400  13
[1] 400  16
[1] 400  19
[1] 400   4
[1] 400   7
[1] 400  10
[1] 400  13
[1] 400  16
[1] 400  19
[1] 400   4
[1] 400   7
[1] 400  10
[1] 400  13
[1] 400  16
[1] 400  19
NULL
 Lrnr_cate_EP_3_3_FALSE_1_0  Lrnr_cate_EP_6_3_FALSE_1_0 
                          0                           0 
 Lrnr_cate_EP_9_3_FALSE_1_0 Lrnr_cate_EP_12_3_FALSE_1_0 
                          0                           0 
Lrnr_cate_EP_15_3_FALSE_1_0 Lrnr_cate_EP_18_3_FALSE_1_0 
                          1                           0 
 Lrnr_cate_EP_3_3_FALSE_1_0  Lrnr_cate_EP_6_3_FALSE_1_0 
                   6.962932                    7.023392 
 Lrnr_cate_EP_9_3_FALSE_1_0 Lrnr_cate_EP_12_3_FALSE_1_0 
                   7.002688                    6.160732 
Lrnr_cate_EP_15_3_FALSE_1_0 Lrnr_cate_EP_18_3_FALSE_1_0 
                   6.137500                    6.169299 
[1] 500  45
[1] 7
[1] "simsEP_n=500_pos=TRUE_hard=TRUE_base_learner=earth_sim_type=CATElow_nsims=1000"
[1] 500   4
[1] 500   7
[1] 500  10
[1] 500  13
[1] 500  16
[1] 500  19
[1] 400   4
[1] 400   7
[1] 400  10
[1] 400  13
[1] 400  16
[1] 400  19
[1] 400   4
[1] 400   7
[1] 400  10
[1] 400  13
[1] 400  16
[1] 400  19
[1] 400   4
[1] 400   7
[1] 400  10
[1] 400  13
[1] 400  16
[1] 400  19
[1] 400   4
[1] 400   7
[1] 400  10
[1] 400  13
[1] 400  16
[1] 400  19
[1] 400   4
[1] 400   7
[1] 400  10
[1] 400  13
[1] 400  16
[1] 400  19
NULL
 Lrnr_cate_EP_3_3_FALSE_1_0  Lrnr_cate_EP_6_3_FALSE_1_0 
                          0                           0 
 Lrnr_cate_EP_9_3_FALSE_1_0 Lrnr_cate_EP_12_3_FALSE_1_0 
                          0                           1 
Lrnr_cate_EP_15_3_FALSE_1_0 Lrnr_cate_EP_18_3_FALSE_1_0 
                          0                           0 
 Lrnr_cate_EP_3_3_FALSE_1_0  Lrnr_cate_EP_6_3_FALSE_1_0 
                   7.779543                    7.808398 
 Lrnr_cate_EP_9_3_FALSE_1_0 Lrnr_cate_EP_12_3_FALSE_1_0 
                   7.847156                    6.946821 
Lrnr_cate_EP_15_3_FALSE_1_0 Lrnr_cate_EP_18_3_FALSE_1_0 
                   6.962976                    6.992977 
[1] 500  25
[1] 8
[1] "simsEP_n=500_pos=TRUE_hard=TRUE_base_learner=earth_sim_type=CATElow_nsims=1000"
[1] 500   4
[1] 500   7
[1] 500  10
[1] 500  13
[1] 500  16
[1] 500  19
[1] 400   4
[1] 400   7
[1] 400  10
[1] 400  13
[1] 400  16
[1] 400  19
[1] 400   4
[1] 400   7
[1] 400  10
[1] 400  13
[1] 400  16
[1] 400  19
[1] 400   4
[1] 400   7
[1] 400  10
[1] 400  13
[1] 400  16
[1] 400  19
[1] 400   4
[1] 400   7
[1] 400  10
[1] 400  13
[1] 400  16
[1] 400  19
[1] 400   4
[1] 400   7
[1] 400  10
[1] 400  13
[1] 400  16
[1] 400  19
NULL
 Lrnr_cate_EP_3_3_FALSE_1_0  Lrnr_cate_EP_6_3_FALSE_1_0 
                          1                           0 
 Lrnr_cate_EP_9_3_FALSE_1_0 Lrnr_cate_EP_12_3_FALSE_1_0 
                          0                           0 
Lrnr_cate_EP_15_3_FALSE_1_0 Lrnr_cate_EP_18_3_FALSE_1_0 
                          0                           0 
 Lrnr_cate_EP_3_3_FALSE_1_0  Lrnr_cate_EP_6_3_FALSE_1_0 
                   2.703082                    2.746128 
 Lrnr_cate_EP_9_3_FALSE_1_0 Lrnr_cate_EP_12_3_FALSE_1_0 
                   2.747956                    2.732281 
Lrnr_cate_EP_15_3_FALSE_1_0 Lrnr_cate_EP_18_3_FALSE_1_0 
                   2.721548                    2.706836 
[1] 500  40
[1] 9
[1] "simsEP_n=500_pos=TRUE_hard=TRUE_base_learner=earth_sim_type=CATElow_nsims=1000"
[1] 500   4
[1] 500   7
[1] 500  10
[1] 500  13
[1] 500  16
[1] 500  19
[1] 400   4
[1] 400   7
[1] 400  10
[1] 400  13
[1] 400  16
[1] 400  19
[1] 400   4
[1] 400   7
[1] 400  10
[1] 400  13
[1] 400  16
[1] 400  19
[1] 400   4
[1] 400   7
[1] 400  10
[1] 400  13
[1] 400  16
[1] 400  19
[1] 400   4
[1] 400   7
[1] 400  10
[1] 400  13
[1] 400  16
[1] 400  19
[1] 400   4
[1] 400   7
[1] 400  10
[1] 400  13
[1] 400  16
[1] 400  19
NULL
 Lrnr_cate_EP_3_3_FALSE_1_0  Lrnr_cate_EP_6_3_FALSE_1_0 
                          0                           0 
 Lrnr_cate_EP_9_3_FALSE_1_0 Lrnr_cate_EP_12_3_FALSE_1_0 
                          0                           1 
Lrnr_cate_EP_15_3_FALSE_1_0 Lrnr_cate_EP_18_3_FALSE_1_0 
                          0                           0 
 Lrnr_cate_EP_3_3_FALSE_1_0  Lrnr_cate_EP_6_3_FALSE_1_0 
                   3.370840                    3.413171 
 Lrnr_cate_EP_9_3_FALSE_1_0 Lrnr_cate_EP_12_3_FALSE_1_0 
                   3.428510                    3.313013 
Lrnr_cate_EP_15_3_FALSE_1_0 Lrnr_cate_EP_18_3_FALSE_1_0 
                   3.343173                    3.364365 
[1] 500  45
[1] 10
[1] "simsEP_n=500_pos=TRUE_hard=TRUE_base_learner=earth_sim_type=CATElow_nsims=1000"
[1] 500   4
[1] 500   7
[1] 500  10
[1] 500  13
[1] 500  16
[1] 500  19
[1] 400   4
[1] 400   7
[1] 400  10
[1] 400  13
[1] 400  16
[1] 400  19
[1] 400   4
[1] 400   7
[1] 400  10
[1] 400  13
[1] 400  16
[1] 400  19
[1] 400   4
[1] 400   7
[1] 400  10
[1] 400  13
[1] 400  16
[1] 400  19
[1] 400   4
[1] 400   7
[1] 400  10
[1] 400  13
[1] 400  16
[1] 400  19
[1] 400   4
[1] 400   7
[1] 400  10
[1] 400  13
[1] 400  16
[1] 400  19
NULL
 Lrnr_cate_EP_3_3_FALSE_1_0  Lrnr_cate_EP_6_3_FALSE_1_0 
                          0                           0 
 Lrnr_cate_EP_9_3_FALSE_1_0 Lrnr_cate_EP_12_3_FALSE_1_0 
                          0                           0 
Lrnr_cate_EP_15_3_FALSE_1_0 Lrnr_cate_EP_18_3_FALSE_1_0 
                          0                           1 
 Lrnr_cate_EP_3_3_FALSE_1_0  Lrnr_cate_EP_6_3_FALSE_1_0 
                   3.747459                    3.789707 
 Lrnr_cate_EP_9_3_FALSE_1_0 Lrnr_cate_EP_12_3_FALSE_1_0 
                   3.803515                    3.697931 
Lrnr_cate_EP_15_3_FALSE_1_0 Lrnr_cate_EP_18_3_FALSE_1_0 
                   3.700713                    3.688174 
