LOADING R
R LOADED
[1] 1
[1] "simsEP_n=2000_pos=FALSE_hard=FALSE_base_learner=rf_sim_type=CATElow_nsims=1000"
[1] 2000    4
[1] 2000    7
[1] 2000   10
[1] 2000   13
[1] 2000   16
[1] 2000   19
[1] 1600    4
[1] 1600    7
[1] 1600   10
[1] 1600   13
[1] 1600   16
[1] 1600   19
[1] 1600    4
[1] 1600    7
[1] 1600   10
[1] 1600   13
[1] 1600   16
[1] 1600   19
[1] 1600    4
[1] 1600    7
[1] 1600   10
[1] 1600   13
[1] 1600   16
[1] 1600   19
[1] 1600    4
[1] 1600    7
[1] 1600   10
[1] 1600   13
[1] 1600   16
[1] 1600   19
[1] 1600    4
[1] 1600    7
[1] 1600   10
[1] 1600   13
[1] 1600   16
[1] 1600   19
NULL
[1] 2000   65
[1] 1600   49
[1] 1600   53
[1] 1600   56
[1] 1600   55
[1] 1600   73
NULL
NULL
NULL
NULL
