LOADING R
R LOADED
[1] 1
[1] "simsEP_n=500_pos=TRUE_hard=TRUE_base_learner=rf_sim_type=CATElow_nsims=1000"
[1] 500   4
[1] 500   7
[1] 500  10
[1] 500  13
[1] 500  16
[1] 500  19
[1] 400   4
[1] 400   7
[1] 400  10
[1] 400  13
[1] 400  16
[1] 400  19
[1] 400   4
[1] 400   7
[1] 400  10
[1] 400  13
[1] 400  16
[1] 400  19
[1] 400   4
[1] 400   7
[1] 400  10
[1] 400  13
[1] 400  16
[1] 400  19
[1] 400   4
[1] 400   7
[1] 400  10
[1] 400  13
[1] 400  16
[1] 400  19
[1] 400   4
[1] 400   7
[1] 400  10
[1] 400  13
[1] 400  16
[1] 400  19
NULL
[1] 500  25
[1] 400  23
[1] 400 100
[1] 400  29
[1] 400  20
[1] 400  27
NULL
NULL
NULL
NULL
[1] 2
[1] "simsEP_n=500_pos=TRUE_hard=TRUE_base_learner=rf_sim_type=CATElow_nsims=1000"
[1] 500   4
[1] 500   7
[1] 500  10
[1] 500  13
[1] 500  16
[1] 500  19
[1] 400   4
[1] 400   7
[1] 400  10
[1] 400  13
[1] 400  16
[1] 400  19
[1] 400   4
[1] 400   7
[1] 400  10
[1] 400  13
[1] 400  16
[1] 400  19
[1] 400   4
[1] 400   7
[1] 400  10
[1] 400  13
[1] 400  16
[1] 400  19
[1] 400   4
[1] 400   7
[1] 400  10
[1] 400  13
[1] 400  16
[1] 400  19
[1] 400   4
[1] 400   7
[1] 400  10
[1] 400  13
[1] 400  16
[1] 400  19
NULL
[1] 500  21
[1] 400  19
[1] 400  20
[1] 400  31
[1] 400  17
[1] 400  32
NULL
NULL
NULL
NULL
[1] 3
[1] "simsEP_n=500_pos=TRUE_hard=TRUE_base_learner=rf_sim_type=CATElow_nsims=1000"
[1] 500   4
[1] 500   7
[1] 500  10
[1] 500  13
[1] 500  16
[1] 500  19
[1] 400   4
[1] 400   7
[1] 400  10
[1] 400  13
[1] 400  16
[1] 400  19
[1] 400   4
[1] 400   7
[1] 400  10
[1] 400  13
[1] 400  16
[1] 400  19
[1] 400   4
[1] 400   7
[1] 400  10
[1] 400  13
[1] 400  16
[1] 400  19
[1] 400   4
[1] 400   7
[1] 400  10
[1] 400  13
[1] 400  16
[1] 400  19
[1] 400   4
