LOADING R
R LOADED
[1] 1
[1] "simsEP_n=5000_pos=FALSE_hard=TRUE_base_learner=rf_sim_type=CATElow_nsims=1000"
[1] 5000    4
[1] 5000    7
[1] 5000   10
[1] 5000   13
[1] 5000   16
[1] 5000   19
[1] 4000    4
[1] 4000    7
[1] 4000   10
[1] 4000   13
[1] 4000   16
[1] 4000   19
[1] 4000    4
[1] 4000    7
[1] 4000   10
[1] 4000   13
[1] 4000   16
[1] 4000   19
[1] 4000    4
[1] 4000    7
[1] 4000   10
[1] 4000   13
[1] 4000   16
[1] 4000   19
[1] 4000    4
[1] 4000    7
[1] 4000   10
[1] 4000   13
[1] 4000   16
[1] 4000   19
[1] 4000    4
[1] 4000    7
[1] 4000   10
[1] 4000   13
[1] 4000   16
[1] 4000   19
NULL
[1] 5000  151
[1] 4000  140
[1] 4000  124
[1] 4000  134
[1] 4000  138
[1] 4000  119
NULL
NULL
NULL
NULL
