LOADING R
R LOADED
[1] 1
[1] "simsEP_n=500_pos=TRUE_hard=TRUE_base_learner=xg_sim_type=CATElow_nsims=1000"
[1] 500   4
[1] 500   7
[1] 500  10
[1] 500  13
[1] 500  16
[1] 500  19
[1] 400   4
[1] 400   7
[1] 400  10
[1] 400  13
[1] 400  16
[1] 400  19
[1] 400   4
[1] 400   7
[1] 400  10
[1] 400  13
[1] 400  16
[1] 400  19
[1] 400   4
[1] 400   7
[1] 400  10
[1] 400  13
[1] 400  16
[1] 400  19
[1] 400   4
[1] 400   7
[1] 400  10
[1] 400  13
[1] 400  16
[1] 400  19
[1] 400   4
[1] 400   7
[1] 400  10
[1] 400  13
[1] 400  16
[1] 400  19
NULL
[1] 500  25
[1] 400  23
[1] 400 100
[1] 400  29
[1] 400  20
[1] 400  27
NULL
NULL
NULL
NULL
[1] 2
[1] "simsEP_n=500_pos=TRUE_hard=TRUE_base_learner=xg_sim_type=CATElow_nsims=1000"
[1] 500   4
[1] 500   7
[1] 500  10
[1] 500  13
[1] 500  16
[1] 500  19
[1] 400   4
[1] 400   7
[1] 400  10
[1] 400  13
[1] 400  16
[1] 400  19
[1] 400   4
[1] 400   7
[1] 400  10
[1] 400  13
[1] 400  16
[1] 400  19
[1] 400   4
[1] 400   7
[1] 400  10
[1] 400  13
[1] 400  16
[1] 400  19
[1] 400   4
[1] 400   7
[1] 400  10
[1] 400  13
[1] 400  16
[1] 400  19
[1] 400   4
[1] 400   7
[1] 400  10
[1] 400  13
[1] 400  16
[1] 400  19
NULL
[1] 500  32
[1] 400  59
[1] 400  24
[1] 400  26
[1] 400  27
[1] 400  29
NULL
NULL
NULL
NULL
[1] 3
[1] "simsEP_n=500_pos=TRUE_hard=TRUE_base_learner=xg_sim_type=CATElow_nsims=1000"
[1] 500   4
[1] 500   7
[1] 500  10
[1] 500  13
[1] 500  16
[1] 500  19
[1] 400   4
[1] 400   7
[1] 400  10
[1] 400  13
[1] 400  16
[1] 400  19
[1] 400   4
[1] 400   7
[1] 400  10
[1] 400  13
[1] 400  16
[1] 400  19
[1] 400   4
[1] 400   7
[1] 400  10
[1] 400  13
[1] 400  16
[1] 400  19
[1] 400   4
[1] 400   7
[1] 400  10
[1] 400  13
[1] 400  16
[1] 400  19
[1] 400   4
[1] 400   7
[1] 400  10
[1] 400  13
[1] 400  16
[1] 400  19
NULL
[1] 500  52
[1] 400  31
[1] 400  55
[1] 400  74
[1] 400  46
[1] 400  85
NULL
NULL
NULL
NULL
