LOADING R
R LOADED
[1] 1
[1] "simsEP_n=3500_pos=FALSE_hard=FALSE_base_learner=xg_sim_type=CATElow_nsims=1000"
[1] 3500    4
[1] 3500    7
[1] 3500   10
[1] 3500   13
[1] 3500   16
[1] 3500   19
[1] 2800    4
[1] 2800    7
[1] 2800   10
[1] 2800   13
[1] 2800   16
[1] 2800   19
[1] 2800    4
[1] 2800    7
[1] 2800   10
[1] 2800   13
[1] 2800   16
[1] 2800   19
[1] 2800    4
[1] 2800    7
[1] 2800   10
[1] 2800   13
[1] 2800   16
[1] 2800   19
[1] 2800    4
[1] 2800    7
[1] 2800   10
[1] 2800   13
[1] 2800   16
[1] 2800   19
[1] 2800    4
[1] 2800    7
[1] 2800   10
[1] 2800   13
[1] 2800   16
[1] 2800   19
NULL
[1] 3500   66
[1] 2800   87
[1] 2800   62
[1] 2800   63
[1] 2800   70
[1] 2800   59
NULL
NULL
NULL
NULL
