LOADING R
R LOADED
[1] 1
[1] "simsEP_n=5000_pos=TRUE_hard=TRUE_base_learner=xg_sim_type=CATElow_nsims=1000"
[1] 5000    4
[1] 5000    7
[1] 5000   10
[1] 5000   13
[1] 5000   16
[1] 5000   19
[1] 4000    4
[1] 4000    7
[1] 4000   10
[1] 4000   13
[1] 4000   16
[1] 4000   19
[1] 4000    4
[1] 4000    7
[1] 4000   10
[1] 4000   13
[1] 4000   16
[1] 4000   19
[1] 4000    4
[1] 4000    7
[1] 4000   10
[1] 4000   13
[1] 4000   16
[1] 4000   19
[1] 4000    4
[1] 4000    7
[1] 4000   10
[1] 4000   13
[1] 4000   16
[1] 4000   19
[1] 4000    4
[1] 4000    7
[1] 4000   10
[1] 4000   13
[1] 4000   16
[1] 4000   19
NULL
[1] 5000  146
[1] 4000  139
[1] 4000  115
[1] 4000  126
[1] 4000  155
[1] 4000  115
NULL
NULL
NULL
NULL
