LOADING R
R LOADED
[1] 1
[1] "simsEP_n=5000_pos=FALSE_hard=FALSE_base_learner=xg_sim_type=CRATE_nsims=1000"
[1] 2
[1] "simsEP_n=5000_pos=FALSE_hard=FALSE_base_learner=xg_sim_type=CRATE_nsims=1000"
[1] 3
[1] "simsEP_n=5000_pos=FALSE_hard=FALSE_base_learner=xg_sim_type=CRATE_nsims=1000"
[1] 4
[1] "simsEP_n=5000_pos=FALSE_hard=FALSE_base_learner=xg_sim_type=CRATE_nsims=1000"
[1] 5
[1] "simsEP_n=5000_pos=FALSE_hard=FALSE_base_learner=xg_sim_type=CRATE_nsims=1000"
[1] 6
[1] "simsEP_n=5000_pos=FALSE_hard=FALSE_base_learner=xg_sim_type=CRATE_nsims=1000"
[1] 7
[1] "simsEP_n=5000_pos=FALSE_hard=FALSE_base_learner=xg_sim_type=CRATE_nsims=1000"
[1] 8
[1] "simsEP_n=5000_pos=FALSE_hard=FALSE_base_learner=xg_sim_type=CRATE_nsims=1000"
[1] 9
[1] "simsEP_n=5000_pos=FALSE_hard=FALSE_base_learner=xg_sim_type=CRATE_nsims=1000"
[1] 10
[1] "simsEP_n=5000_pos=FALSE_hard=FALSE_base_learner=xg_sim_type=CRATE_nsims=1000"
[1] 11
[1] "simsEP_n=5000_pos=FALSE_hard=FALSE_base_learner=xg_sim_type=CRATE_nsims=1000"
[1] 12
[1] "simsEP_n=5000_pos=FALSE_hard=FALSE_base_learner=xg_sim_type=CRATE_nsims=1000"
[1] 13
[1] "simsEP_n=5000_pos=FALSE_hard=FALSE_base_learner=xg_sim_type=CRATE_nsims=1000"
[1] 14
[1] "simsEP_n=5000_pos=FALSE_hard=FALSE_base_learner=xg_sim_type=CRATE_nsims=1000"
[1] 15
[1] "simsEP_n=5000_pos=FALSE_hard=FALSE_base_learner=xg_sim_type=CRATE_nsims=1000"
[1] 16
[1] "simsEP_n=5000_pos=FALSE_hard=FALSE_base_learner=xg_sim_type=CRATE_nsims=1000"
[1] 17
[1] "simsEP_n=5000_pos=FALSE_hard=FALSE_base_learner=xg_sim_type=CRATE_nsims=1000"
[1] 18
[1] "simsEP_n=5000_pos=FALSE_hard=FALSE_base_learner=xg_sim_type=CRATE_nsims=1000"
[1] 19
[1] "simsEP_n=5000_pos=FALSE_hard=FALSE_base_learner=xg_sim_type=CRATE_nsims=1000"
[1] 20
[1] "simsEP_n=5000_pos=FALSE_hard=FALSE_base_learner=xg_sim_type=CRATE_nsims=1000"
[1] 21
[1] "simsEP_n=5000_pos=FALSE_hard=FALSE_base_learner=xg_sim_type=CRATE_nsims=1000"
[1] 22
[1] "simsEP_n=5000_pos=FALSE_hard=FALSE_base_learner=xg_sim_type=CRATE_nsims=1000"
[1] 23
[1] "simsEP_n=5000_pos=FALSE_hard=FALSE_base_learner=xg_sim_type=CRATE_nsims=1000"
[1] 24
[1] "simsEP_n=5000_pos=FALSE_hard=FALSE_base_learner=xg_sim_type=CRATE_nsims=1000"
[1] 25
[1] "simsEP_n=5000_pos=FALSE_hard=FALSE_base_learner=xg_sim_type=CRATE_nsims=1000"
[1] 26
[1] "simsEP_n=5000_pos=FALSE_hard=FALSE_base_learner=xg_sim_type=CRATE_nsims=1000"
[1] 27
[1] "simsEP_n=5000_pos=FALSE_hard=FALSE_base_learner=xg_sim_type=CRATE_nsims=1000"
[1] 28
[1] "simsEP_n=5000_pos=FALSE_hard=FALSE_base_learner=xg_sim_type=CRATE_nsims=1000"
[1] 29
[1] "simsEP_n=5000_pos=FALSE_hard=FALSE_base_learner=xg_sim_type=CRATE_nsims=1000"
[1] 30
[1] "simsEP_n=5000_pos=FALSE_hard=FALSE_base_learner=xg_sim_type=CRATE_nsims=1000"
