Loading required package: tmle3
Loading required package: causalutils
Loading required package: hal9001
Loading required package: Rcpp
hal9001 v0.4.5: The Scalable Highly Adaptive Lasso
note: fit_hal defaults have changed. See ?fit_hal for details
Loading required package: R6
Loading required package: stringr
Loading required package: origami
origami v1.0.7: Generalized Framework for Cross-Validation
Loading required package: delayed
delayed v0.4.0: A Framework for Parallelizing Dependent Tasks
Loading required package: future
Loading required package: earth
Loading required package: Formula
Loading required package: plotmo
Loading required package: plotrix
Loading required package: TeachingDemos
Loading required package: fastglm
Loading required package: bigmemory
Loading required package: doMC
Loading required package: foreach
Loading required package: iterators
Loading required package: parallel
Loading required package: glmnet
Loading required package: Matrix
Loaded glmnet 4.1-7

Attaching package: ‘hte3’

The following object is masked from ‘package:origami’:

    cross_validate

Error in !positivity : invalid argument type
Warning message:
In fwrite(results, file = "~/EPlearner/results") :
  Input has no columns; creating an empty file at '/home/lvanderl/EPlearner/results' and exiting.
