LOADING R
R LOADED
[1] 1
[1] "simsEP_n=500_pos=TRUE_hard=TRUE_base_learner=xg_sim_type=CATElow_nsims=1"
[1] 500   4
[1] 500   7
[1] 500  10
[1] 500  16
[1] 500  25
[1] 400   4
[1] 400   7
[1] 400  10
[1] 400  16
[1] 400  25
[1] 400   4
[1] 400   7
[1] 400  10
[1] 400  16
[1] 400  25
[1] 400   4
[1] 400   7
[1] 400  10
[1] 400  16
[1] 400  25
[1] 400   4
[1] 400   7
[1] 400  10
[1] 400  16
[1] 400  25
[1] 400   4
[1] 400   7
[1] 400  10
[1] 400  16
[1] 400  25
[1] 500  40
[1] 400  35
[1] 400  39
[1] 400  41
[1] 400  29
[1] 400  26
 Lrnr_cate_EP_3_3_FALSE_1_0_Lrnr_xgboost_20_1_1_5 
                                         2.596336 
 Lrnr_cate_EP_3_3_FALSE_1_0_Lrnr_xgboost_20_1_2_5 
                                         2.727961 
 Lrnr_cate_EP_3_3_FALSE_1_0_Lrnr_xgboost_20_1_3_5 
                                         2.797898 
 Lrnr_cate_EP_3_3_FALSE_1_0_Lrnr_xgboost_20_1_4_5 
                                         2.783665 
 Lrnr_cate_EP_3_3_FALSE_1_0_Lrnr_xgboost_20_1_5_5 
                                         2.828028 
 Lrnr_cate_EP_6_3_FALSE_1_0_Lrnr_xgboost_20_1_1_5 
                                         2.587513 
 Lrnr_cate_EP_6_3_FALSE_1_0_Lrnr_xgboost_20_1_2_5 
                                         2.785875 
 Lrnr_cate_EP_6_3_FALSE_1_0_Lrnr_xgboost_20_1_3_5 
                                         2.779360 
 Lrnr_cate_EP_6_3_FALSE_1_0_Lrnr_xgboost_20_1_4_5 
                                         2.827611 
 Lrnr_cate_EP_6_3_FALSE_1_0_Lrnr_xgboost_20_1_5_5 
                                         2.797350 
 Lrnr_cate_EP_9_3_FALSE_1_0_Lrnr_xgboost_20_1_1_5 
                                         2.647576 
 Lrnr_cate_EP_9_3_FALSE_1_0_Lrnr_xgboost_20_1_2_5 
                                         2.827019 
 Lrnr_cate_EP_9_3_FALSE_1_0_Lrnr_xgboost_20_1_3_5 
                                         2.885075 
 Lrnr_cate_EP_9_3_FALSE_1_0_Lrnr_xgboost_20_1_4_5 
                                         2.883061 
 Lrnr_cate_EP_9_3_FALSE_1_0_Lrnr_xgboost_20_1_5_5 
                                         2.924269 
Lrnr_cate_EP_15_3_FALSE_1_0_Lrnr_xgboost_20_1_1_5 
                                         2.828702 
Lrnr_cate_EP_15_3_FALSE_1_0_Lrnr_xgboost_20_1_2_5 
                                         3.481206 
Lrnr_cate_EP_15_3_FALSE_1_0_Lrnr_xgboost_20_1_3_5 
                                         3.707467 
Lrnr_cate_EP_15_3_FALSE_1_0_Lrnr_xgboost_20_1_4_5 
                                         3.788847 
Lrnr_cate_EP_15_3_FALSE_1_0_Lrnr_xgboost_20_1_5_5 
                                         3.890558 
Lrnr_cate_EP_24_3_FALSE_1_0_Lrnr_xgboost_20_1_1_5 
                                         2.836124 
Lrnr_cate_EP_24_3_FALSE_1_0_Lrnr_xgboost_20_1_2_5 
                                         3.548938 
Lrnr_cate_EP_24_3_FALSE_1_0_Lrnr_xgboost_20_1_3_5 
                                         3.830255 
Lrnr_cate_EP_24_3_FALSE_1_0_Lrnr_xgboost_20_1_4_5 
                                         4.011279 
Lrnr_cate_EP_24_3_FALSE_1_0_Lrnr_xgboost_20_1_5_5 
                                         4.006125 
