LOADING R
R LOADED
[1] 1
[1] "simsEP_n=1000_pos=TRUE_hard=FALSE_base_learner=xg_sim_type=CATElow_nsims=1000"
[1] 1000    4
[1] 1000    7
[1] 1000   10
[1] 1000   13
[1] 1000   16
[1] 1000   19
[1] 800   4
[1] 800   7
[1] 800  10
[1] 800  13
[1] 800  16
[1] 800  19
[1] 800   4
[1] 800   7
[1] 800  10
[1] 800  13
[1] 800  16
[1] 800  19
[1] 800   4
[1] 800   7
[1] 800  10
[1] 800  13
[1] 800  16
[1] 800  19
[1] 800   4
[1] 800   7
[1] 800  10
[1] 800  13
[1] 800  16
[1] 800  19
[1] 800   4
[1] 800   7
[1] 800  10
[1] 800  13
[1] 800  16
[1] 800  19
NULL
[1] 1000   55
[1] 800  45
[1] 800  72
[1] 800  35
[1] 800  27
[1] 800  42
NULL
NULL
NULL
NULL
