LOADING R
R LOADED
[1] 1
[1] "simsEP_n=500_pos=TRUE_hard=FALSE_base_learner=xg_sim_type=CATElow_nsims=1"
[1] 500   4
[1] 500   7
[1] 500  10
[1] 500  16
[1] 500  25
[1] 400   4
[1] 400   7
[1] 400  10
[1] 400  16
[1] 400  25
[1] 400   4
[1] 400   7
[1] 400  10
[1] 400  16
[1] 400  25
[1] 400   4
[1] 400   7
[1] 400  10
[1] 400  16
[1] 400  25
[1] 400   4
[1] 400   7
[1] 400  10
[1] 400  16
[1] 400  25
[1] 400   4
[1] 400   7
[1] 400  10
[1] 400  16
[1] 400  25
[1] 500  33
[1] 400  67
[1] 400  40
[1] 400  40
[1] 400  34
[1] 400  26
 Lrnr_cate_EP_3_3_FALSE_1_0_Lrnr_xgboost_20_1_1_5 
                                         1.715387 
 Lrnr_cate_EP_3_3_FALSE_1_0_Lrnr_xgboost_20_1_2_5 
                                         1.877751 
 Lrnr_cate_EP_3_3_FALSE_1_0_Lrnr_xgboost_20_1_3_5 
                                         1.977559 
 Lrnr_cate_EP_3_3_FALSE_1_0_Lrnr_xgboost_20_1_4_5 
                                         1.952892 
 Lrnr_cate_EP_3_3_FALSE_1_0_Lrnr_xgboost_20_1_5_5 
                                         1.979992 
 Lrnr_cate_EP_6_3_FALSE_1_0_Lrnr_xgboost_20_1_1_5 
                                         1.698850 
 Lrnr_cate_EP_6_3_FALSE_1_0_Lrnr_xgboost_20_1_2_5 
                                         1.919793 
 Lrnr_cate_EP_6_3_FALSE_1_0_Lrnr_xgboost_20_1_3_5 
                                         1.928431 
 Lrnr_cate_EP_6_3_FALSE_1_0_Lrnr_xgboost_20_1_4_5 
                                         1.978796 
 Lrnr_cate_EP_6_3_FALSE_1_0_Lrnr_xgboost_20_1_5_5 
                                         1.947887 
 Lrnr_cate_EP_9_3_FALSE_1_0_Lrnr_xgboost_20_1_1_5 
                                         1.726508 
 Lrnr_cate_EP_9_3_FALSE_1_0_Lrnr_xgboost_20_1_2_5 
                                         1.889967 
 Lrnr_cate_EP_9_3_FALSE_1_0_Lrnr_xgboost_20_1_3_5 
                                         1.966212 
 Lrnr_cate_EP_9_3_FALSE_1_0_Lrnr_xgboost_20_1_4_5 
                                         1.952382 
 Lrnr_cate_EP_9_3_FALSE_1_0_Lrnr_xgboost_20_1_5_5 
                                         1.988408 
Lrnr_cate_EP_15_3_FALSE_1_0_Lrnr_xgboost_20_1_1_5 
                                         1.747258 
Lrnr_cate_EP_15_3_FALSE_1_0_Lrnr_xgboost_20_1_2_5 
                                         1.979775 
Lrnr_cate_EP_15_3_FALSE_1_0_Lrnr_xgboost_20_1_3_5 
                                         2.005415 
Lrnr_cate_EP_15_3_FALSE_1_0_Lrnr_xgboost_20_1_4_5 
                                         2.052700 
Lrnr_cate_EP_15_3_FALSE_1_0_Lrnr_xgboost_20_1_5_5 
                                         2.043973 
Lrnr_cate_EP_24_3_FALSE_1_0_Lrnr_xgboost_20_1_1_5 
                                         1.748033 
Lrnr_cate_EP_24_3_FALSE_1_0_Lrnr_xgboost_20_1_2_5 
                                         1.982187 
Lrnr_cate_EP_24_3_FALSE_1_0_Lrnr_xgboost_20_1_3_5 
                                         2.087905 
Lrnr_cate_EP_24_3_FALSE_1_0_Lrnr_xgboost_20_1_4_5 
                                         2.093128 
Lrnr_cate_EP_24_3_FALSE_1_0_Lrnr_xgboost_20_1_5_5 
                                         2.169254 
