LOADING R
R LOADED
[1] 1
[1] "simsEP_n=500_pos=FALSE_hard=TRUE_base_learner=rf_sim_type=CATElow_nsims=1"
[1] 500   4
[1] 500   7
[1] 500  10
[1] 500  16
[1] 500  25
[1] 400   4
[1] 400   7
[1] 400  10
[1] 400  16
[1] 400  25
[1] 400   4
[1] 400   7
[1] 400  10
[1] 400  16
[1] 400  25
[1] 400   4
[1] 400   7
[1] 400  10
[1] 400  16
[1] 400  25
[1] 400   4
[1] 400   7
[1] 400  10
[1] 400  16
[1] 400  25
[1] 400   4
[1] 400   7
[1] 400  10
[1] 400  16
[1] 400  25
[1] 500  35
[1] 400  34
[1] 400  34
[1] 400  36
[1] 400  26
[1] 400  33
 Lrnr_cate_EP_3_3_FALSE_1_0_Lrnr_ranger_500_TRUE_none_1_4 
                                                 2.511683 
 Lrnr_cate_EP_3_3_FALSE_1_0_Lrnr_ranger_500_TRUE_none_1_6 
                                                 2.656481 
 Lrnr_cate_EP_3_3_FALSE_1_0_Lrnr_ranger_500_TRUE_none_1_8 
                                                 2.712162 
 Lrnr_cate_EP_6_3_FALSE_1_0_Lrnr_ranger_500_TRUE_none_1_4 
                                                 2.528475 
 Lrnr_cate_EP_6_3_FALSE_1_0_Lrnr_ranger_500_TRUE_none_1_6 
                                                 2.672706 
 Lrnr_cate_EP_6_3_FALSE_1_0_Lrnr_ranger_500_TRUE_none_1_8 
                                                 2.724889 
 Lrnr_cate_EP_9_3_FALSE_1_0_Lrnr_ranger_500_TRUE_none_1_4 
                                                 2.539007 
 Lrnr_cate_EP_9_3_FALSE_1_0_Lrnr_ranger_500_TRUE_none_1_6 
                                                 2.702440 
 Lrnr_cate_EP_9_3_FALSE_1_0_Lrnr_ranger_500_TRUE_none_1_8 
                                                 2.757395 
Lrnr_cate_EP_15_3_FALSE_1_0_Lrnr_ranger_500_TRUE_none_1_4 
                                                 2.961358 
Lrnr_cate_EP_15_3_FALSE_1_0_Lrnr_ranger_500_TRUE_none_1_6 
                                                 3.238083 
Lrnr_cate_EP_15_3_FALSE_1_0_Lrnr_ranger_500_TRUE_none_1_8 
                                                 3.343517 
Lrnr_cate_EP_24_3_FALSE_1_0_Lrnr_ranger_500_TRUE_none_1_4 
                                                 2.976650 
Lrnr_cate_EP_24_3_FALSE_1_0_Lrnr_ranger_500_TRUE_none_1_6 
                                                 3.229194 
Lrnr_cate_EP_24_3_FALSE_1_0_Lrnr_ranger_500_TRUE_none_1_8 
                                                 3.392995 
