LOADING R
R LOADED
[1] 1
[1] "simsEP_n=2000_pos=FALSE_hard=TRUE_base_learner=rf_sim_type=CATElow_nsims=1000"
[1] 2000    4
[1] 2000    7
[1] 2000   10
[1] 2000   13
[1] 2000   16
[1] 2000   19
[1] 1600    4
[1] 1600    7
[1] 1600   10
[1] 1600   13
[1] 1600   16
[1] 1600   19
[1] 1600    4
[1] 1600    7
[1] 1600   10
[1] 1600   13
[1] 1600   16
[1] 1600   19
[1] 1600    4
[1] 1600    7
[1] 1600   10
[1] 1600   13
[1] 1600   16
[1] 1600   19
[1] 1600    4
[1] 1600    7
[1] 1600   10
[1] 1600   13
[1] 1600   16
[1] 1600   19
[1] 1600    4
[1] 1600    7
[1] 1600   10
[1] 1600   13
[1] 1600   16
[1] 1600   19
NULL
[1] 2000   86
[1] 1600   64
[1] 1600   67
[1] 1600   69
[1] 1600  113
[1] 1600   89
NULL
NULL
NULL
NULL
