LOADING R
R LOADED
[1] 1
[1] "simsEP_n=1000_pos=FALSE_hard=TRUE_base_learner=xg_sim_type=CATElow_nsims=1000"
[1] 1000    4
[1] 1000    7
[1] 1000   10
[1] 1000   13
[1] 1000   16
[1] 1000   19
[1] 800   4
[1] 800   7
[1] 800  10
[1] 800  13
[1] 800  16
[1] 800  19
[1] 800   4
[1] 800   7
[1] 800  10
[1] 800  13
[1] 800  16
[1] 800  19
[1] 800   4
[1] 800   7
[1] 800  10
[1] 800  13
[1] 800  16
[1] 800  19
[1] 800   4
[1] 800   7
[1] 800  10
[1] 800  13
[1] 800  16
[1] 800  19
[1] 800   4
[1] 800   7
[1] 800  10
[1] 800  13
[1] 800  16
[1] 800  19
NULL
[1] 1000   84
[1] 800  43
[1] 800 144
[1] 800  45
[1] 800  56
[1] 800  49
NULL
NULL
NULL
NULL
