LOADING R
R LOADED
[1] 1
[1] "simsEP_n=500_pos=TRUE_hard=FALSE_base_learner=rf_sim_type=CATElow_nsims=1"
[1] 500   4
[1] 500   7
[1] 500  10
[1] 500  16
[1] 500  25
[1] 400   4
[1] 400   7
[1] 400  10
[1] 400  16
[1] 400  25
[1] 400   4
[1] 400   7
[1] 400  10
[1] 400  16
[1] 400  25
[1] 400   4
[1] 400   7
[1] 400  10
[1] 400  16
[1] 400  25
[1] 400   4
[1] 400   7
[1] 400  10
[1] 400  16
[1] 400  25
[1] 400   4
[1] 400   7
[1] 400  10
[1] 400  16
[1] 400  25
[1] 500  33
[1] 400  67
[1] 400  40
[1] 400  40
[1] 400  34
[1] 400  26
 Lrnr_cate_EP_3_3_FALSE_1_0_Lrnr_ranger_500_TRUE_none_1_4 
                                                 1.523200 
 Lrnr_cate_EP_3_3_FALSE_1_0_Lrnr_ranger_500_TRUE_none_1_6 
                                                 1.687610 
 Lrnr_cate_EP_3_3_FALSE_1_0_Lrnr_ranger_500_TRUE_none_1_8 
                                                 1.737567 
 Lrnr_cate_EP_6_3_FALSE_1_0_Lrnr_ranger_500_TRUE_none_1_4 
                                                 1.539262 
 Lrnr_cate_EP_6_3_FALSE_1_0_Lrnr_ranger_500_TRUE_none_1_6 
                                                 1.679513 
 Lrnr_cate_EP_6_3_FALSE_1_0_Lrnr_ranger_500_TRUE_none_1_8 
                                                 1.753705 
 Lrnr_cate_EP_9_3_FALSE_1_0_Lrnr_ranger_500_TRUE_none_1_4 
                                                 1.529138 
 Lrnr_cate_EP_9_3_FALSE_1_0_Lrnr_ranger_500_TRUE_none_1_6 
                                                 1.700314 
 Lrnr_cate_EP_9_3_FALSE_1_0_Lrnr_ranger_500_TRUE_none_1_8 
                                                 1.748369 
Lrnr_cate_EP_15_3_FALSE_1_0_Lrnr_ranger_500_TRUE_none_1_4 
                                                 1.598146 
Lrnr_cate_EP_15_3_FALSE_1_0_Lrnr_ranger_500_TRUE_none_1_6 
                                                 1.746624 
Lrnr_cate_EP_15_3_FALSE_1_0_Lrnr_ranger_500_TRUE_none_1_8 
                                                 1.827443 
Lrnr_cate_EP_24_3_FALSE_1_0_Lrnr_ranger_500_TRUE_none_1_4 
                                                 1.598648 
Lrnr_cate_EP_24_3_FALSE_1_0_Lrnr_ranger_500_TRUE_none_1_6 
                                                 1.783406 
Lrnr_cate_EP_24_3_FALSE_1_0_Lrnr_ranger_500_TRUE_none_1_8 
                                                 1.866600 
