LOADING R
R LOADED
[1] 1
[1] "simsEP_n=500_pos=FALSE_hard=FALSE_base_learner=rf_sim_type=CATElow_nsims=1"
[1] 500   4
[1] 500   7
[1] 500  10
[1] 500  16
[1] 500  25
[1] 400   4
[1] 400   7
[1] 400  10
[1] 400  16
[1] 400  25
[1] 400   4
[1] 400   7
[1] 400  10
[1] 400  16
[1] 400  25
[1] 400   4
[1] 400   7
[1] 400  10
[1] 400  16
[1] 400  25
[1] 400   4
[1] 400   7
[1] 400  10
[1] 400  16
[1] 400  25
[1] 400   4
[1] 400   7
[1] 400  10
[1] 400  16
[1] 400  25
[1] 500  32
[1] 400  46
[1] 400  18
[1] 400  19
[1] 400  33
[1] 400  43
 Lrnr_cate_EP_3_3_FALSE_1_0_Lrnr_ranger_500_TRUE_none_1_4 
                                                0.5561602 
 Lrnr_cate_EP_3_3_FALSE_1_0_Lrnr_ranger_500_TRUE_none_1_6 
                                                0.6387521 
 Lrnr_cate_EP_3_3_FALSE_1_0_Lrnr_ranger_500_TRUE_none_1_8 
                                                0.6684037 
 Lrnr_cate_EP_6_3_FALSE_1_0_Lrnr_ranger_500_TRUE_none_1_4 
                                                0.5643141 
 Lrnr_cate_EP_6_3_FALSE_1_0_Lrnr_ranger_500_TRUE_none_1_6 
                                                0.6350397 
 Lrnr_cate_EP_6_3_FALSE_1_0_Lrnr_ranger_500_TRUE_none_1_8 
                                                0.6813041 
 Lrnr_cate_EP_9_3_FALSE_1_0_Lrnr_ranger_500_TRUE_none_1_4 
                                                0.5525708 
 Lrnr_cate_EP_9_3_FALSE_1_0_Lrnr_ranger_500_TRUE_none_1_6 
                                                0.6440871 
 Lrnr_cate_EP_9_3_FALSE_1_0_Lrnr_ranger_500_TRUE_none_1_8 
                                                0.6733223 
Lrnr_cate_EP_15_3_FALSE_1_0_Lrnr_ranger_500_TRUE_none_1_4 
                                                0.6023877 
Lrnr_cate_EP_15_3_FALSE_1_0_Lrnr_ranger_500_TRUE_none_1_6 
                                                0.6605092 
Lrnr_cate_EP_15_3_FALSE_1_0_Lrnr_ranger_500_TRUE_none_1_8 
                                                0.7192766 
Lrnr_cate_EP_24_3_FALSE_1_0_Lrnr_ranger_500_TRUE_none_1_4 
                                                0.5959107 
Lrnr_cate_EP_24_3_FALSE_1_0_Lrnr_ranger_500_TRUE_none_1_6 
                                                0.6993486 
Lrnr_cate_EP_24_3_FALSE_1_0_Lrnr_ranger_500_TRUE_none_1_8 
                                                0.7367069 
