LOADING R
R LOADED
[1] 1
[1] "simsEP_n=500_pos=TRUE_hard=FALSE_base_learner=xg_sim_type=CATElow_nsims=1000"
[1] 500   4
[1] 500   7
[1] 500  10
[1] 500  13
[1] 500  16
[1] 500  19
[1] 400   4
[1] 400   7
[1] 400  10
[1] 400  13
[1] 400  16
[1] 400  19
[1] 400   4
[1] 400   7
[1] 400  10
[1] 400  13
[1] 400  16
[1] 400  19
[1] 400   4
[1] 400   7
[1] 400  10
[1] 400  13
[1] 400  16
[1] 400  19
[1] 400   4
[1] 400   7
[1] 400  10
[1] 400  13
[1] 400  16
[1] 400  19
[1] 400   4
[1] 400   7
[1] 400  10
[1] 400  13
[1] 400  16
[1] 400  19
NULL
[1] 500  30
[1] 400  32
[1] 400  32
[1] 400  26
[1] 400  39
[1] 400  34
NULL
NULL
NULL
NULL
