LOADING R
R LOADED
[1] 1
[1] "simsEP_n=500_pos=TRUE_hard=TRUE_base_learner=gam_sim_type=CATElow_nsims=1000"
[1] 500   4
[1] 500   7
[1] 500  10
[1] 500  13
[1] 500  16
[1] 500  19
[1] 400   4
[1] 400   7
[1] 400  10
[1] 400  13
[1] 400  16
[1] 400  19
[1] 400   4
[1] 400   7
[1] 400  10
[1] 400  13
[1] 400  16
[1] 400  19
[1] 400   4
[1] 400   7
[1] 400  10
[1] 400  13
[1] 400  16
[1] 400  19
[1] 400   4
[1] 400   7
[1] 400  10
[1] 400  13
[1] 400  16
[1] 400  19
[1] 400   4
[1] 400   7
[1] 400  10
[1] 400  13
[1] 400  16
[1] 400  19
NULL
 Lrnr_cate_EP_3_3_FALSE_1_0  Lrnr_cate_EP_6_3_FALSE_1_0 
                          0                           0 
 Lrnr_cate_EP_9_3_FALSE_1_0 Lrnr_cate_EP_12_3_FALSE_1_0 
                          0                           1 
Lrnr_cate_EP_15_3_FALSE_1_0 Lrnr_cate_EP_18_3_FALSE_1_0 
                          0                           0 
 Lrnr_cate_EP_3_3_FALSE_1_0  Lrnr_cate_EP_6_3_FALSE_1_0 
                   7.625180                    7.704767 
 Lrnr_cate_EP_9_3_FALSE_1_0 Lrnr_cate_EP_12_3_FALSE_1_0 
                   7.674350                    6.475370 
Lrnr_cate_EP_15_3_FALSE_1_0 Lrnr_cate_EP_18_3_FALSE_1_0 
                   6.509591                    6.516988 
[1] 500  23
[1] 2
[1] "simsEP_n=500_pos=TRUE_hard=TRUE_base_learner=gam_sim_type=CATElow_nsims=1000"
[1] 500   4
[1] 500   7
[1] 500  10
[1] 500  13
[1] 500  16
[1] 500  19
[1] 400   4
[1] 400   7
[1] 400  10
[1] 400  13
[1] 400  16
[1] 400  19
[1] 400   4
[1] 400   7
[1] 400  10
[1] 400  13
[1] 400  16
[1] 400  19
[1] 400   4
[1] 400   7
[1] 400  10
[1] 400  13
[1] 400  16
[1] 400  19
[1] 400   4
[1] 400   7
[1] 400  10
[1] 400  13
[1] 400  16
[1] 400  19
[1] 400   4
[1] 400   7
[1] 400  10
[1] 400  13
[1] 400  16
[1] 400  19
NULL
 Lrnr_cate_EP_3_3_FALSE_1_0  Lrnr_cate_EP_6_3_FALSE_1_0 
                          0                           0 
 Lrnr_cate_EP_9_3_FALSE_1_0 Lrnr_cate_EP_12_3_FALSE_1_0 
                          0                           1 
Lrnr_cate_EP_15_3_FALSE_1_0 Lrnr_cate_EP_18_3_FALSE_1_0 
                          0                           0 
 Lrnr_cate_EP_3_3_FALSE_1_0  Lrnr_cate_EP_6_3_FALSE_1_0 
                   7.663539                    7.700012 
 Lrnr_cate_EP_9_3_FALSE_1_0 Lrnr_cate_EP_12_3_FALSE_1_0 
                   7.716084                    6.527682 
Lrnr_cate_EP_15_3_FALSE_1_0 Lrnr_cate_EP_18_3_FALSE_1_0 
                   6.641610                    6.646487 
[1] 500  17
[1] 3
[1] "simsEP_n=500_pos=TRUE_hard=TRUE_base_learner=gam_sim_type=CATElow_nsims=1000"
[1] 500   4
[1] 500   7
[1] 500  10
[1] 500  13
[1] 500  16
[1] 500  19
[1] 400   4
[1] 400   7
[1] 400  10
[1] 400  13
[1] 400  16
[1] 400  19
[1] 400   4
[1] 400   7
[1] 400  10
[1] 400  13
[1] 400  16
[1] 400  19
[1] 400   4
[1] 400   7
[1] 400  10
[1] 400  13
[1] 400  16
[1] 400  19
[1] 400   4
[1] 400   7
[1] 400  10
[1] 400  13
[1] 400  16
[1] 400  19
[1] 400   4
[1] 400   7
[1] 400  10
[1] 400  13
[1] 400  16
[1] 400  19
NULL
 Lrnr_cate_EP_3_3_FALSE_1_0  Lrnr_cate_EP_6_3_FALSE_1_0 
                          0                           0 
 Lrnr_cate_EP_9_3_FALSE_1_0 Lrnr_cate_EP_12_3_FALSE_1_0 
                          0                           0 
Lrnr_cate_EP_15_3_FALSE_1_0 Lrnr_cate_EP_18_3_FALSE_1_0 
                          0                           1 
 Lrnr_cate_EP_3_3_FALSE_1_0  Lrnr_cate_EP_6_3_FALSE_1_0 
                   7.566975                    7.572178 
 Lrnr_cate_EP_9_3_FALSE_1_0 Lrnr_cate_EP_12_3_FALSE_1_0 
                   7.602799                    6.725873 
Lrnr_cate_EP_15_3_FALSE_1_0 Lrnr_cate_EP_18_3_FALSE_1_0 
                   6.706260                    6.706125 
[1] 500  46
[1] 4
[1] "simsEP_n=500_pos=TRUE_hard=TRUE_base_learner=gam_sim_type=CATElow_nsims=1000"
[1] 500   4
[1] 500   7
[1] 500  10
[1] 500  13
[1] 500  16
[1] 500  19
[1] 400   4
[1] 400   7
[1] 400  10
[1] 400  13
[1] 400  16
[1] 400  19
[1] 400   4
[1] 400   7
[1] 400  10
[1] 400  13
[1] 400  16
[1] 400  19
[1] 400   4
[1] 400   7
[1] 400  10
[1] 400  13
[1] 400  16
[1] 400  19
[1] 400   4
[1] 400   7
[1] 400  10
[1] 400  13
[1] 400  16
[1] 400  19
[1] 400   4
[1] 400   7
[1] 400  10
[1] 400  13
[1] 400  16
[1] 400  19
NULL
 Lrnr_cate_EP_3_3_FALSE_1_0  Lrnr_cate_EP_6_3_FALSE_1_0 
                          0                           0 
 Lrnr_cate_EP_9_3_FALSE_1_0 Lrnr_cate_EP_12_3_FALSE_1_0 
                          0                           0 
Lrnr_cate_EP_15_3_FALSE_1_0 Lrnr_cate_EP_18_3_FALSE_1_0 
                          0                           1 
 Lrnr_cate_EP_3_3_FALSE_1_0  Lrnr_cate_EP_6_3_FALSE_1_0 
                   4.228433                    4.274007 
 Lrnr_cate_EP_9_3_FALSE_1_0 Lrnr_cate_EP_12_3_FALSE_1_0 
                   4.278335                    4.070887 
Lrnr_cate_EP_15_3_FALSE_1_0 Lrnr_cate_EP_18_3_FALSE_1_0 
                   4.075845                    4.068889 
[1] 500  47
[1] 5
[1] "simsEP_n=500_pos=TRUE_hard=TRUE_base_learner=gam_sim_type=CATElow_nsims=1000"
[1] 500   4
[1] 500   7
[1] 500  10
[1] 500  13
[1] 500  16
[1] 500  19
[1] 400   4
[1] 400   7
[1] 400  10
[1] 400  13
[1] 400  16
[1] 400  19
[1] 400   4
[1] 400   7
[1] 400  10
[1] 400  13
[1] 400  16
[1] 400  19
[1] 400   4
[1] 400   7
[1] 400  10
[1] 400  13
[1] 400  16
[1] 400  19
[1] 400   4
[1] 400   7
[1] 400  10
[1] 400  13
[1] 400  16
[1] 400  19
[1] 400   4
[1] 400   7
[1] 400  10
[1] 400  13
[1] 400  16
[1] 400  19
NULL
 Lrnr_cate_EP_3_3_FALSE_1_0  Lrnr_cate_EP_6_3_FALSE_1_0 
                          0                           0 
 Lrnr_cate_EP_9_3_FALSE_1_0 Lrnr_cate_EP_12_3_FALSE_1_0 
                          0                           0 
Lrnr_cate_EP_15_3_FALSE_1_0 Lrnr_cate_EP_18_3_FALSE_1_0 
                          0                           1 
 Lrnr_cate_EP_3_3_FALSE_1_0  Lrnr_cate_EP_6_3_FALSE_1_0 
                   6.017444                    6.058748 
 Lrnr_cate_EP_9_3_FALSE_1_0 Lrnr_cate_EP_12_3_FALSE_1_0 
                   6.064076                    5.950785 
Lrnr_cate_EP_15_3_FALSE_1_0 Lrnr_cate_EP_18_3_FALSE_1_0 
                   5.922808                    5.916252 
[1] 500  26
[1] 6
[1] "simsEP_n=500_pos=TRUE_hard=TRUE_base_learner=gam_sim_type=CATElow_nsims=1000"
[1] 500   4
[1] 500   7
[1] 500  10
[1] 500  13
[1] 500  16
[1] 500  19
[1] 400   4
[1] 400   7
[1] 400  10
[1] 400  13
[1] 400  16
[1] 400  19
[1] 400   4
[1] 400   7
[1] 400  10
[1] 400  13
[1] 400  16
[1] 400  19
[1] 400   4
[1] 400   7
[1] 400  10
[1] 400  13
[1] 400  16
[1] 400  19
[1] 400   4
[1] 400   7
[1] 400  10
[1] 400  13
[1] 400  16
[1] 400  19
[1] 400   4
[1] 400   7
[1] 400  10
[1] 400  13
[1] 400  16
[1] 400  19
NULL
 Lrnr_cate_EP_3_3_FALSE_1_0  Lrnr_cate_EP_6_3_FALSE_1_0 
                          0                           0 
 Lrnr_cate_EP_9_3_FALSE_1_0 Lrnr_cate_EP_12_3_FALSE_1_0 
                          0                           1 
Lrnr_cate_EP_15_3_FALSE_1_0 Lrnr_cate_EP_18_3_FALSE_1_0 
                          0                           0 
 Lrnr_cate_EP_3_3_FALSE_1_0  Lrnr_cate_EP_6_3_FALSE_1_0 
                   6.928977                    7.011774 
 Lrnr_cate_EP_9_3_FALSE_1_0 Lrnr_cate_EP_12_3_FALSE_1_0 
                   6.976061                    6.123242 
Lrnr_cate_EP_15_3_FALSE_1_0 Lrnr_cate_EP_18_3_FALSE_1_0 
                   6.136620                    6.138352 
[1] 500  45
[1] 7
[1] "simsEP_n=500_pos=TRUE_hard=TRUE_base_learner=gam_sim_type=CATElow_nsims=1000"
[1] 500   4
[1] 500   7
[1] 500  10
[1] 500  13
[1] 500  16
[1] 500  19
[1] 400   4
[1] 400   7
[1] 400  10
[1] 400  13
[1] 400  16
[1] 400  19
[1] 400   4
[1] 400   7
[1] 400  10
[1] 400  13
[1] 400  16
[1] 400  19
[1] 400   4
[1] 400   7
[1] 400  10
[1] 400  13
[1] 400  16
[1] 400  19
[1] 400   4
[1] 400   7
[1] 400  10
[1] 400  13
[1] 400  16
[1] 400  19
[1] 400   4
[1] 400   7
[1] 400  10
[1] 400  13
[1] 400  16
[1] 400  19
NULL
 Lrnr_cate_EP_3_3_FALSE_1_0  Lrnr_cate_EP_6_3_FALSE_1_0 
                          0                           0 
 Lrnr_cate_EP_9_3_FALSE_1_0 Lrnr_cate_EP_12_3_FALSE_1_0 
                          0                           1 
Lrnr_cate_EP_15_3_FALSE_1_0 Lrnr_cate_EP_18_3_FALSE_1_0 
                          0                           0 
 Lrnr_cate_EP_3_3_FALSE_1_0  Lrnr_cate_EP_6_3_FALSE_1_0 
                   7.764810                    7.807652 
 Lrnr_cate_EP_9_3_FALSE_1_0 Lrnr_cate_EP_12_3_FALSE_1_0 
                   7.836950                    6.877228 
Lrnr_cate_EP_15_3_FALSE_1_0 Lrnr_cate_EP_18_3_FALSE_1_0 
                   6.927080                    6.952388 
[1] 500  25
[1] 8
[1] "simsEP_n=500_pos=TRUE_hard=TRUE_base_learner=gam_sim_type=CATElow_nsims=1000"
[1] 500   4
[1] 500   7
[1] 500  10
[1] 500  13
[1] 500  16
[1] 500  19
[1] 400   4
[1] 400   7
[1] 400  10
[1] 400  13
[1] 400  16
[1] 400  19
[1] 400   4
[1] 400   7
[1] 400  10
[1] 400  13
[1] 400  16
[1] 400  19
[1] 400   4
[1] 400   7
[1] 400  10
[1] 400  13
[1] 400  16
[1] 400  19
[1] 400   4
[1] 400   7
[1] 400  10
[1] 400  13
[1] 400  16
[1] 400  19
[1] 400   4
[1] 400   7
[1] 400  10
[1] 400  13
[1] 400  16
[1] 400  19
NULL
 Lrnr_cate_EP_3_3_FALSE_1_0  Lrnr_cate_EP_6_3_FALSE_1_0 
                          1                           0 
 Lrnr_cate_EP_9_3_FALSE_1_0 Lrnr_cate_EP_12_3_FALSE_1_0 
                          0                           0 
Lrnr_cate_EP_15_3_FALSE_1_0 Lrnr_cate_EP_18_3_FALSE_1_0 
                          0                           0 
 Lrnr_cate_EP_3_3_FALSE_1_0  Lrnr_cate_EP_6_3_FALSE_1_0 
                   2.665813                    2.694089 
 Lrnr_cate_EP_9_3_FALSE_1_0 Lrnr_cate_EP_12_3_FALSE_1_0 
                   2.694457                    2.683296 
Lrnr_cate_EP_15_3_FALSE_1_0 Lrnr_cate_EP_18_3_FALSE_1_0 
                   2.681990                    2.678163 
[1] 500  40
[1] 9
[1] "simsEP_n=500_pos=TRUE_hard=TRUE_base_learner=gam_sim_type=CATElow_nsims=1000"
[1] 500   4
[1] 500   7
[1] 500  10
[1] 500  13
[1] 500  16
[1] 500  19
[1] 400   4
[1] 400   7
[1] 400  10
[1] 400  13
[1] 400  16
[1] 400  19
[1] 400   4
[1] 400   7
[1] 400  10
[1] 400  13
[1] 400  16
[1] 400  19
[1] 400   4
[1] 400   7
[1] 400  10
[1] 400  13
[1] 400  16
[1] 400  19
[1] 400   4
[1] 400   7
[1] 400  10
[1] 400  13
[1] 400  16
[1] 400  19
[1] 400   4
[1] 400   7
[1] 400  10
[1] 400  13
[1] 400  16
[1] 400  19
NULL
 Lrnr_cate_EP_3_3_FALSE_1_0  Lrnr_cate_EP_6_3_FALSE_1_0 
                          0                           0 
 Lrnr_cate_EP_9_3_FALSE_1_0 Lrnr_cate_EP_12_3_FALSE_1_0 
                          0                           1 
Lrnr_cate_EP_15_3_FALSE_1_0 Lrnr_cate_EP_18_3_FALSE_1_0 
                          0                           0 
 Lrnr_cate_EP_3_3_FALSE_1_0  Lrnr_cate_EP_6_3_FALSE_1_0 
                   3.341972                    3.386607 
 Lrnr_cate_EP_9_3_FALSE_1_0 Lrnr_cate_EP_12_3_FALSE_1_0 
                   3.395923                    3.298548 
Lrnr_cate_EP_15_3_FALSE_1_0 Lrnr_cate_EP_18_3_FALSE_1_0 
                   3.320472                    3.320490 
[1] 500  45
[1] 10
[1] "simsEP_n=500_pos=TRUE_hard=TRUE_base_learner=gam_sim_type=CATElow_nsims=1000"
