Parsed args: n=2000, d=5, sigma=1, base_learner=rf, sim_type=A, nsims=100
Loading required package: tmle3
Loading required package: hal9001
Loading required package: Rcpp
hal9001 v0.4.6: The Scalable Highly Adaptive Lasso
note: fit_hal defaults have changed. See ?fit_hal for details
Loading required package: R6
Loading required package: stringr
Loading required package: origami
origami v1.0.7: Generalized Framework for Cross-Validation
Loading required package: delayed
delayed v0.5.0: A Framework for Parallelizing Dependent Tasks
Loading required package: future
Loading required package: earth
Loading required package: Formula
Loading required package: plotmo
Loading required package: plotrix
Loading required package: fastglm
Loading required package: bigmemory
Loading required package: doMC
Loading required package: foreach
Loading required package: iterators
Loading required package: parallel
Loading required package: glmnet
Loading required package: Matrix
Loaded glmnet 4.1-8

Attaching package: ‘hte3’

The following object is masked from ‘package:origami’:

    cross_validate

Loading required package: nnls
Loading required package: gam
Loading required package: splines
Loaded gam 1.22-5

Super Learner
Version: 2.0-29
Package created on 2024-02-06

   sim_type    n d base_learner sigma
1         A  500 5           xg     1
2         B  500 5           xg     1
3         C  500 5           xg     1
4         D  500 5           xg     1
5         A 2000 5           xg     1
6         B 2000 5           xg     1
7         C 2000 5           xg     1
8         D 2000 5           xg     1
9         A  500 5          gam     1
10        B  500 5          gam     1
[1] "iter 1 key simsEP_n=2000_base_learner=rf_sim_type=A_nsims=100"
NULL
NULL
NULL
NULL
[1] "iter 2 key simsEP_n=2000_base_learner=rf_sim_type=A_nsims=100"
NULL
NULL
NULL
NULL
[1] "iter 3 key simsEP_n=2000_base_learner=rf_sim_type=A_nsims=100"
NULL
NULL
NULL
NULL
[1] "iter 4 key simsEP_n=2000_base_learner=rf_sim_type=A_nsims=100"
NULL
NULL
NULL
NULL
[1] "iter 5 key simsEP_n=2000_base_learner=rf_sim_type=A_nsims=100"
NULL
NULL
NULL
NULL
[1] "iter 6 key simsEP_n=2000_base_learner=rf_sim_type=A_nsims=100"
NULL
NULL
NULL
NULL
[1] "iter 7 key simsEP_n=2000_base_learner=rf_sim_type=A_nsims=100"
NULL
NULL
NULL
NULL
[1] "iter 8 key simsEP_n=2000_base_learner=rf_sim_type=A_nsims=100"
NULL
NULL
NULL
NULL
[1] "iter 9 key simsEP_n=2000_base_learner=rf_sim_type=A_nsims=100"
NULL
NULL
NULL
NULL
[1] "iter 10 key simsEP_n=2000_base_learner=rf_sim_type=A_nsims=100"
NULL
NULL
NULL
NULL
[1] "iter 11 key simsEP_n=2000_base_learner=rf_sim_type=A_nsims=100"
NULL
NULL
NULL
NULL
[1] "iter 12 key simsEP_n=2000_base_learner=rf_sim_type=A_nsims=100"
NULL
NULL
NULL
NULL
[1] "iter 13 key simsEP_n=2000_base_learner=rf_sim_type=A_nsims=100"
NULL
NULL
NULL
NULL
[1] "iter 14 key simsEP_n=2000_base_learner=rf_sim_type=A_nsims=100"
NULL
NULL
NULL
NULL
[1] "iter 15 key simsEP_n=2000_base_learner=rf_sim_type=A_nsims=100"
NULL
NULL
NULL
NULL
[1] "iter 16 key simsEP_n=2000_base_learner=rf_sim_type=A_nsims=100"
NULL
NULL
NULL
NULL
[1] "iter 17 key simsEP_n=2000_base_learner=rf_sim_type=A_nsims=100"
