Parsed args: n=500, d=5, sigma=1, base_learner=xg, sim_type=A, nsims=250
Loading required package: tmle3
Loading required package: hal9001
Loading required package: Rcpp
hal9001 v0.4.6: The Scalable Highly Adaptive Lasso
note: fit_hal defaults have changed. See ?fit_hal for details
Loading required package: R6
Loading required package: stringr
Loading required package: origami
origami v1.0.7: Generalized Framework for Cross-Validation
Loading required package: delayed
delayed v0.5.0: A Framework for Parallelizing Dependent Tasks
Loading required package: future
Loading required package: earth
Loading required package: Formula
Loading required package: plotmo
Loading required package: plotrix
Loading required package: fastglm
Loading required package: bigmemory
Loading required package: doMC
Loading required package: foreach
Loading required package: iterators
Loading required package: parallel
Loading required package: glmnet
Loading required package: Matrix
Loaded glmnet 4.1-8

Attaching package: ‘hte3’

The following object is masked from ‘package:origami’:

    cross_validate

Loading required package: nnls
Loading required package: gam
Loading required package: splines
Loaded gam 1.22-5

Super Learner
Version: 2.0-29
Package created on 2024-02-06

[1] "iter 1 key simsEP_n=500_base_learner=xg_sim_type=A_nsims=250"
NULL
NULL
